<?xml version="1.0" encoding="UTF-8" ?>
<testsuite failures="0" time="7.904" errors="3" skipped="0" tests="3" name="org.mygovscot.healthcheck.RestIT">
  <properties>
[...]
</properties>
  <testcase time="0.001" classname="org.mygovscot.healthcheck.RestIT" name="testYes">
    <error message="Failed to load ApplicationContext" type="java.lang.IllegalStateException">java.lang.IllegalStateException: Failed to load ApplicationContext
	at org.springframework.test.context.DefaultCacheAwareContextLoaderDelegate.loadContext(DefaultCacheAwareContextLoaderDelegate.java:94)
	at org.springframework.test.context.DefaultTestContext.getApplicationContext(DefaultTestContext.java:72)
	at org.springframework.test.context.support.DependencyInjectionTestExecutionListener.injectDependencies(DependencyInjectionTestExecutionListener.java:117)
	at org.springframework.test.context.support.DependencyInjectionTestExecutionListener.prepareTestInstance(DependencyInjectionTestExecutionListener.java:83)
	at org.springframework.test.context.TestContextManager.prepareTestInstance(TestContextManager.java:212)
	at org.springframework.test.context.junit4.SpringJUnit4ClassRunner.createTest(SpringJUnit4ClassRunner.java:200)
	at org.springframework.test.context.junit4.SpringJUnit4ClassRunner$1.runReflectiveCall(SpringJUnit4ClassRunner.java:259)
	at org.junit.internal.runners.model.ReflectiveCallable.run(ReflectiveCallable.java:12)
	at org.springframework.test.context.junit4.SpringJUnit4ClassRunner.methodBlock(SpringJUnit4ClassRunner.java:261)
	at org.springframework.test.context.junit4.SpringJUnit4ClassRunner.runChild(SpringJUnit4ClassRunner.java:219)
	at org.springframework.test.context.junit4.SpringJUnit4ClassRunner.runChild(SpringJUnit4ClassRunner.java:83)
	at org.junit.runners.ParentRunner$3.run(ParentRunner.java:290)
	at org.junit.runners.ParentRunner$1.schedule(ParentRunner.java:71)
	at org.junit.runners.ParentRunner.runChildren(ParentRunner.java:288)
	at org.junit.runners.ParentRunner.access$000(ParentRunner.java:58)
	at org.junit.runners.ParentRunner$2.evaluate(ParentRunner.java:268)
	at org.springframework.test.context.junit4.statements.RunBeforeTestClassCallbacks.evaluate(RunBeforeTestClassCallbacks.java:61)
	at org.springframework.test.context.junit4.statements.RunAfterTestClassCallbacks.evaluate(RunAfterTestClassCallbacks.java:68)
	at org.junit.runners.ParentRunner.run(ParentRunner.java:363)
	at org.springframework.test.context.junit4.SpringJUnit4ClassRunner.run(SpringJUnit4ClassRunner.java:163)
	at org.apache.maven.surefire.junit4.JUnit4TestSet.execute(JUnit4TestSet.java:59)
	at org.apache.maven.surefire.suite.AbstractDirectoryTestSuite.executeTestSet(AbstractDirectoryTestSuite.java:120)
	at org.apache.maven.surefire.suite.AbstractDirectoryTestSuite.execute(AbstractDirectoryTestSuite.java:103)
	at org.apache.maven.surefire.Surefire.run(Surefire.java:169)
	at sun.reflect.NativeMethodAccessorImpl.invoke0(Native Method)
	at sun.reflect.NativeMethodAccessorImpl.invoke(NativeMethodAccessorImpl.java:57)
	at sun.reflect.DelegatingMethodAccessorImpl.invoke(DelegatingMethodAccessorImpl.java:43)
	at java.lang.reflect.Method.invoke(Method.java:606)
	at org.apache.maven.surefire.booter.SurefireBooter.runSuitesInProcess(SurefireBooter.java:350)
	at org.apache.maven.surefire.booter.SurefireBooter.main(SurefireBooter.java:1021)
Caused by: org.springframework.context.ApplicationContextException: Unable to start embedded container; nested exception is org.springframework.boot.context.embedded.EmbeddedServletContainerException: Unable to start embedded Tomcat
	at org.springframework.boot.context.embedded.EmbeddedWebApplicationContext.onRefresh(EmbeddedWebApplicationContext.java:133)
	at org.springframework.context.support.AbstractApplicationContext.refresh(AbstractApplicationContext.java:476)
	at org.springframework.boot.context.embedded.EmbeddedWebApplicationContext.refresh(EmbeddedWebApplicationContext.java:118)
	at org.springframework.boot.SpringApplication.refresh(SpringApplication.java:686)
	at org.springframework.boot.SpringApplication.run(SpringApplication.java:320)
	at org.springframework.boot.test.SpringApplicationContextLoader.loadContext(SpringApplicationContextLoader.java:100)
	at org.springframework.test.context.DefaultCacheAwareContextLoaderDelegate.loadContextInternal(DefaultCacheAwareContextLoaderDelegate.java:68)
	at org.springframework.test.context.DefaultCacheAwareContextLoaderDelegate.loadContext(DefaultCacheAwareContextLoaderDelegate.java:86)
	... 29 more
Caused by: org.springframework.boot.context.embedded.EmbeddedServletContainerException: Unable to start embedded Tomcat
	at org.springframework.boot.context.embedded.tomcat.TomcatEmbeddedServletContainer.initialize(TomcatEmbeddedServletContainer.java:98)
	at org.springframework.boot.context.embedded.tomcat.TomcatEmbeddedServletContainer.&lt;init&gt;(TomcatEmbeddedServletContainer.java:75)
	at org.springframework.boot.context.embedded.tomcat.TomcatEmbeddedServletContainerFactory.getTomcatEmbeddedServletContainer(TomcatEmbeddedServletContainerFactory.java:378)
	at org.springframework.boot.context.embedded.tomcat.TomcatEmbeddedServletContainerFactory.getEmbeddedServletContainer(TomcatEmbeddedServletContainerFactory.java:155)
	at org.springframework.boot.context.embedded.EmbeddedWebApplicationContext.createEmbeddedServletContainer(EmbeddedWebApplicationContext.java:157)
	at org.springframework.boot.context.embedded.EmbeddedWebApplicationContext.onRefresh(EmbeddedWebApplicationContext.java:130)
	... 36 more
Caused by: org.springframework.beans.factory.BeanCreationException: Error creating bean with name &apos;org.springframework.boot.autoconfigure.web.WebMvcAutoConfiguration$WebMvcAutoConfigurationAdapter&apos;: Injection of autowired dependencies failed; nested exception is org.springframework.beans.factory.BeanCreationException: Could not autowire field: private org.springframework.boot.autoconfigure.web.HttpMessageConverters org.springframework.boot.autoconfigure.web.WebMvcAutoConfiguration$WebMvcAutoConfigurationAdapter.messageConverters; nested exception is org.springframework.beans.factory.BeanCreationException: Error creating bean with name &apos;org.springframework.boot.autoconfigure.web.HttpMessageConvertersAutoConfiguration&apos;: Injection of autowired dependencies failed; nested exception is org.springframework.beans.factory.BeanCreationException: Could not autowire field: private final java.util.List org.springframework.boot.autoconfigure.web.HttpMessageConvertersAutoConfiguration.converters; nested exception is org.springframework.beans.factory.BeanCreationException: Error creating bean with name &apos;jacksonHttpMessageConverter&apos; defined in class path resource [org/mygovscot/healthcheck/config/RestDataConfig.class]: Bean instantiation via factory method failed; nested exception is org.springframework.beans.BeanInstantiationException: Failed to instantiate [org.springframework.http.converter.json.MappingJackson2HttpMessageConverter]: Factory method &apos;jacksonHttpMessageConverter&apos; threw exception; nested exception is org.springframework.beans.factory.BeanCreationException: Error creating bean with name &apos;config&apos; defined in class path resource [org/mygovscot/healthcheck/config/RestDataConfig.class]: Bean instantiation via factory method failed; nested exception is org.springframework.beans.BeanInstantiationException: Failed to instantiate [org.springframework.data.rest.core.config.RepositoryRestConfiguration]: Factory method &apos;config&apos; threw exception; nested exception is org.springframework.beans.factory.BeanCreationException: Error creating bean with name &apos;repositories&apos; defined in class path resource [org/mygovscot/healthcheck/config/RestDataConfig.class]: Bean instantiation via factory method failed; nested exception is org.springframework.beans.BeanInstantiationException: Failed to instantiate [org.springframework.data.repository.support.Repositories]: Factory method &apos;repositories&apos; threw exception; nested exception is org.springframework.beans.factory.BeanCreationException: Error creating bean with name &apos;linkRepository&apos;: Invocation of init method failed; nested exception is com.mongodb.util.JSONParseException: 
{ &apos;status&apos; : { $gt: 299 }, &apos;myGovPath&apos; : &quot;_param_0&quot;i, &apos;sort&apos; : &apos;checkedOn&apos; }
                                                   ^
	at org.springframework.beans.factory.annotation.AutowiredAnnotationBeanPostProcessor.postProcessPropertyValues(AutowiredAnnotationBeanPostProcessor.java:334)
	at org.springframework.beans.factory.support.AbstractAutowireCapableBeanFactory.populateBean(AbstractAutowireCapableBeanFactory.java:1202)
	at org.springframework.beans.factory.support.AbstractAutowireCapableBeanFactory.doCreateBean(AbstractAutowireCapableBeanFactory.java:537)
	at org.springframework.beans.factory.support.AbstractAutowireCapableBeanFactory.createBean(AbstractAutowireCapableBeanFactory.java:476)
	at org.springframework.beans.factory.support.AbstractBeanFactory$1.getObject(AbstractBeanFactory.java:303)
	at org.springframework.beans.factory.support.DefaultSingletonBeanRegistry.getSingleton(DefaultSingletonBeanRegistry.java:230)
	at org.springframework.beans.factory.support.AbstractBeanFactory.doGetBean(AbstractBeanFactory.java:299)
	at org.springframework.beans.factory.support.AbstractBeanFactory.getBean(AbstractBeanFactory.java:194)
	at org.springframework.beans.factory.support.ConstructorResolver.instantiateUsingFactoryMethod(ConstructorResolver.java:368)
	at org.springframework.beans.factory.support.AbstractAutowireCapableBeanFactory.instantiateUsingFactoryMethod(AbstractAutowireCapableBeanFactory.java:1111)
	at org.springframework.beans.factory.support.AbstractAutowireCapableBeanFactory.createBeanInstance(AbstractAutowireCapableBeanFactory.java:1006)
	at org.springframework.beans.factory.support.AbstractAutowireCapableBeanFactory.doCreateBean(AbstractAutowireCapableBeanFactory.java:504)
	at org.springframework.beans.factory.support.AbstractAutowireCapableBeanFactory.createBean(AbstractAutowireCapableBeanFactory.java:476)
	at org.springframework.beans.factory.support.AbstractBeanFactory$1.getObject(AbstractBeanFactory.java:303)
	at org.springframework.beans.factory.support.DefaultSingletonBeanRegistry.getSingleton(DefaultSingletonBeanRegistry.java:230)
	at org.springframework.beans.factory.support.AbstractBeanFactory.doGetBean(AbstractBeanFactory.java:299)
	at org.springframework.beans.factory.support.AbstractBeanFactory.getBean(AbstractBeanFactory.java:199)
	at org.springframework.boot.context.embedded.ServletContextInitializerBeans.getOrderedBeansOfType(ServletContextInitializerBeans.java:209)
	at org.springframework.boot.context.embedded.ServletContextInitializerBeans.addAsRegistrationBean(ServletContextInitializerBeans.java:165)
	at org.springframework.boot.context.embedded.ServletContextInitializerBeans.addAdaptableBeans(ServletContextInitializerBeans.java:146)
	at org.springframework.boot.context.embedded.ServletContextInitializerBeans.&lt;init&gt;(ServletContextInitializerBeans.java:74)
	at org.springframework.boot.context.embedded.EmbeddedWebApplicationContext.getServletContextInitializerBeans(EmbeddedWebApplicationContext.java:234)
	at org.springframework.boot.context.embedded.EmbeddedWebApplicationContext.selfInitialize(EmbeddedWebApplicationContext.java:221)
	at org.springframework.boot.context.embedded.EmbeddedWebApplicationContext.access$000(EmbeddedWebApplicationContext.java:84)
	at org.springframework.boot.context.embedded.EmbeddedWebApplicationContext$1.onStartup(EmbeddedWebApplicationContext.java:206)
	at org.springframework.boot.context.embedded.tomcat.TomcatStarter.onStartup(TomcatStarter.java:54)
	at org.apache.catalina.core.StandardContext.startInternal(StandardContext.java:5151)
	at org.apache.catalina.util.LifecycleBase.start(LifecycleBase.java:150)
	at org.apache.catalina.core.ContainerBase$StartChild.call(ContainerBase.java:1409)
	at org.apache.catalina.core.ContainerBase$StartChild.call(ContainerBase.java:1399)
	at java.util.concurrent.FutureTask.run(FutureTask.java:262)
	at java.util.concurrent.ThreadPoolExecutor.runWorker(ThreadPoolExecutor.java:1145)
	at java.util.concurrent.ThreadPoolExecutor$Worker.run(ThreadPoolExecutor.java:615)
	at java.lang.Thread.run(Thread.java:745)
Caused by: org.springframework.beans.factory.BeanCreationException: Could not autowire field: private org.springframework.boot.autoconfigure.web.HttpMessageConverters org.springframework.boot.autoconfigure.web.WebMvcAutoConfiguration$WebMvcAutoConfigurationAdapter.messageConverters; nested exception is org.springframework.beans.factory.BeanCreationException: Error creating bean with name &apos;org.springframework.boot.autoconfigure.web.HttpMessageConvertersAutoConfiguration&apos;: Injection of autowired dependencies failed; nested exception is org.springframework.beans.factory.BeanCreationException: Could not autowire field: private final java.util.List org.springframework.boot.autoconfigure.web.HttpMessageConvertersAutoConfiguration.converters; nested exception is org.springframework.beans.factory.BeanCreationException: Error creating bean with name &apos;jacksonHttpMessageConverter&apos; defined in class path resource [org/mygovscot/healthcheck/config/RestDataConfig.class]: Bean instantiation via factory method failed; nested exception is org.springframework.beans.BeanInstantiationException: Failed to instantiate [org.springframework.http.converter.json.MappingJackson2HttpMessageConverter]: Factory method &apos;jacksonHttpMessageConverter&apos; threw exception; nested exception is org.springframework.beans.factory.BeanCreationException: Error creating bean with name &apos;config&apos; defined in class path resource [org/mygovscot/healthcheck/config/RestDataConfig.class]: Bean instantiation via factory method failed; nested exception is org.springframework.beans.BeanInstantiationException: Failed to instantiate [org.springframework.data.rest.core.config.RepositoryRestConfiguration]: Factory method &apos;config&apos; threw exception; nested exception is org.springframework.beans.factory.BeanCreationException: Error creating bean with name &apos;repositories&apos; defined in class path resource [org/mygovscot/healthcheck/config/RestDataConfig.class]: Bean instantiation via factory method failed; nested exception is org.springframework.beans.BeanInstantiationException: Failed to instantiate [org.springframework.data.repository.support.Repositories]: Factory method &apos;repositories&apos; threw exception; nested exception is org.springframework.beans.factory.BeanCreationException: Error creating bean with name &apos;linkRepository&apos;: Invocation of init method failed; nested exception is com.mongodb.util.JSONParseException: 
{ &apos;status&apos; : { $gt: 299 }, &apos;myGovPath&apos; : &quot;_param_0&quot;i, &apos;sort&apos; : &apos;checkedOn&apos; }
                                                   ^
	at org.springframework.beans.factory.annotation.AutowiredAnnotationBeanPostProcessor$AutowiredFieldElement.inject(AutowiredAnnotationBeanPostProcessor.java:561)
	at org.springframework.beans.factory.annotation.InjectionMetadata.inject(InjectionMetadata.java:88)
	at org.springframework.beans.factory.annotation.AutowiredAnnotationBeanPostProcessor.postProcessPropertyValues(AutowiredAnnotationBeanPostProcessor.java:331)
	... 33 more
Caused by: org.springframework.beans.factory.BeanCreationException: Error creating bean with name &apos;org.springframework.boot.autoconfigure.web.HttpMessageConvertersAutoConfiguration&apos;: Injection of autowired dependencies failed; nested exception is org.springframework.beans.factory.BeanCreationException: Could not autowire field: private final java.util.List org.springframework.boot.autoconfigure.web.HttpMessageConvertersAutoConfiguration.converters; nested exception is org.springframework.beans.factory.BeanCreationException: Error creating bean with name &apos;jacksonHttpMessageConverter&apos; defined in class path resource [org/mygovscot/healthcheck/config/RestDataConfig.class]: Bean instantiation via factory method failed; nested exception is org.springframework.beans.BeanInstantiationException: Failed to instantiate [org.springframework.http.converter.json.MappingJackson2HttpMessageConverter]: Factory method &apos;jacksonHttpMessageConverter&apos; threw exception; nested exception is org.springframework.beans.factory.BeanCreationException: Error creating bean with name &apos;config&apos; defined in class path resource [org/mygovscot/healthcheck/config/RestDataConfig.class]: Bean instantiation via factory method failed; nested exception is org.springframework.beans.BeanInstantiationException: Failed to instantiate [org.springframework.data.rest.core.config.RepositoryRestConfiguration]: Factory method &apos;config&apos; threw exception; nested exception is org.springframework.beans.factory.BeanCreationException: Error creating bean with name &apos;repositories&apos; defined in class path resource [org/mygovscot/healthcheck/config/RestDataConfig.class]: Bean instantiation via factory method failed; nested exception is org.springframework.beans.BeanInstantiationException: Failed to instantiate [org.springframework.data.repository.support.Repositories]: Factory method &apos;repositories&apos; threw exception; nested exception is org.springframework.beans.factory.BeanCreationException: Error creating bean with name &apos;linkRepository&apos;: Invocation of init method failed; nested exception is com.mongodb.util.JSONParseException: 
{ &apos;status&apos; : { $gt: 299 }, &apos;myGovPath&apos; : &quot;_param_0&quot;i, &apos;sort&apos; : &apos;checkedOn&apos; }
                                                   ^
	at org.springframework.beans.factory.annotation.AutowiredAnnotationBeanPostProcessor.postProcessPropertyValues(AutowiredAnnotationBeanPostProcessor.java:334)
	at org.springframework.beans.factory.support.AbstractAutowireCapableBeanFactory.populateBean(AbstractAutowireCapableBeanFactory.java:1202)
	at org.springframework.beans.factory.support.AbstractAutowireCapableBeanFactory.doCreateBean(AbstractAutowireCapableBeanFactory.java:537)
	at org.springframework.beans.factory.support.AbstractAutowireCapableBeanFactory.createBean(AbstractAutowireCapableBeanFactory.java:476)
	at org.springframework.beans.factory.support.AbstractBeanFactory$1.getObject(AbstractBeanFactory.java:303)
	at org.springframework.beans.factory.support.DefaultSingletonBeanRegistry.getSingleton(DefaultSingletonBeanRegistry.java:230)
	at org.springframework.beans.factory.support.AbstractBeanFactory.doGetBean(AbstractBeanFactory.java:299)
	at org.springframework.beans.factory.support.AbstractBeanFactory.getBean(AbstractBeanFactory.java:194)
	at org.springframework.beans.factory.support.ConstructorResolver.instantiateUsingFactoryMethod(ConstructorResolver.java:368)
	at org.springframework.beans.factory.support.AbstractAutowireCapableBeanFactory.instantiateUsingFactoryMethod(AbstractAutowireCapableBeanFactory.java:1111)
	at org.springframework.beans.factory.support.AbstractAutowireCapableBeanFactory.createBeanInstance(AbstractAutowireCapableBeanFactory.java:1006)
	at org.springframework.beans.factory.support.AbstractAutowireCapableBeanFactory.doCreateBean(AbstractAutowireCapableBeanFactory.java:504)
	at org.springframework.beans.factory.support.AbstractAutowireCapableBeanFactory.createBean(AbstractAutowireCapableBeanFactory.java:476)
	at org.springframework.beans.factory.support.AbstractBeanFactory$1.getObject(AbstractBeanFactory.java:303)
	at org.springframework.beans.factory.support.DefaultSingletonBeanRegistry.getSingleton(DefaultSingletonBeanRegistry.java:230)
	at org.springframework.beans.factory.support.AbstractBeanFactory.doGetBean(AbstractBeanFactory.java:299)
	at org.springframework.beans.factory.support.AbstractBeanFactory.getBean(AbstractBeanFactory.java:194)
	at org.springframework.beans.factory.support.DefaultListableBeanFactory.findAutowireCandidates(DefaultListableBeanFactory.java:1120)
	at org.springframework.beans.factory.support.DefaultListableBeanFactory.doResolveDependency(DefaultListableBeanFactory.java:1044)
	at org.springframework.beans.factory.support.DefaultListableBeanFactory.resolveDependency(DefaultListableBeanFactory.java:942)
	at org.springframework.beans.factory.annotation.AutowiredAnnotationBeanPostProcessor$AutowiredFieldElement.inject(AutowiredAnnotationBeanPostProcessor.java:533)
	... 35 more
Caused by: org.springframework.beans.factory.BeanCreationException: Could not autowire field: private final java.util.List org.springframework.boot.autoconfigure.web.HttpMessageConvertersAutoConfiguration.converters; nested exception is org.springframework.beans.factory.BeanCreationException: Error creating bean with name &apos;jacksonHttpMessageConverter&apos; defined in class path resource [org/mygovscot/healthcheck/config/RestDataConfig.class]: Bean instantiation via factory method failed; nested exception is org.springframework.beans.BeanInstantiationException: Failed to instantiate [org.springframework.http.converter.json.MappingJackson2HttpMessageConverter]: Factory method &apos;jacksonHttpMessageConverter&apos; threw exception; nested exception is org.springframework.beans.factory.BeanCreationException: Error creating bean with name &apos;config&apos; defined in class path resource [org/mygovscot/healthcheck/config/RestDataConfig.class]: Bean instantiation via factory method failed; nested exception is org.springframework.beans.BeanInstantiationException: Failed to instantiate [org.springframework.data.rest.core.config.RepositoryRestConfiguration]: Factory method &apos;config&apos; threw exception; nested exception is org.springframework.beans.factory.BeanCreationException: Error creating bean with name &apos;repositories&apos; defined in class path resource [org/mygovscot/healthcheck/config/RestDataConfig.class]: Bean instantiation via factory method failed; nested exception is org.springframework.beans.BeanInstantiationException: Failed to instantiate [org.springframework.data.repository.support.Repositories]: Factory method &apos;repositories&apos; threw exception; nested exception is org.springframework.beans.factory.BeanCreationException: Error creating bean with name &apos;linkRepository&apos;: Invocation of init method failed; nested exception is com.mongodb.util.JSONParseException: 
{ &apos;status&apos; : { $gt: 299 }, &apos;myGovPath&apos; : &quot;_param_0&quot;i, &apos;sort&apos; : &apos;checkedOn&apos; }
                                                   ^
	at org.springframework.beans.factory.annotation.AutowiredAnnotationBeanPostProcessor$AutowiredFieldElement.inject(AutowiredAnnotationBeanPostProcessor.java:561)
	at org.springframework.beans.factory.annotation.InjectionMetadata.inject(InjectionMetadata.java:88)
	at org.springframework.beans.factory.annotation.AutowiredAnnotationBeanPostProcessor.postProcessPropertyValues(AutowiredAnnotationBeanPostProcessor.java:331)
	... 55 more
Caused by: org.springframework.beans.factory.BeanCreationException: Error creating bean with name &apos;jacksonHttpMessageConverter&apos; defined in class path resource [org/mygovscot/healthcheck/config/RestDataConfig.class]: Bean instantiation via factory method failed; nested exception is org.springframework.beans.BeanInstantiationException: Failed to instantiate [org.springframework.http.converter.json.MappingJackson2HttpMessageConverter]: Factory method &apos;jacksonHttpMessageConverter&apos; threw exception; nested exception is org.springframework.beans.factory.BeanCreationException: Error creating bean with name &apos;config&apos; defined in class path resource [org/mygovscot/healthcheck/config/RestDataConfig.class]: Bean instantiation via factory method failed; nested exception is org.springframework.beans.BeanInstantiationException: Failed to instantiate [org.springframework.data.rest.core.config.RepositoryRestConfiguration]: Factory method &apos;config&apos; threw exception; nested exception is org.springframework.beans.factory.BeanCreationException: Error creating bean with name &apos;repositories&apos; defined in class path resource [org/mygovscot/healthcheck/config/RestDataConfig.class]: Bean instantiation via factory method failed; nested exception is org.springframework.beans.BeanInstantiationException: Failed to instantiate [org.springframework.data.repository.support.Repositories]: Factory method &apos;repositories&apos; threw exception; nested exception is org.springframework.beans.factory.BeanCreationException: Error creating bean with name &apos;linkRepository&apos;: Invocation of init method failed; nested exception is com.mongodb.util.JSONParseException: 
{ &apos;status&apos; : { $gt: 299 }, &apos;myGovPath&apos; : &quot;_param_0&quot;i, &apos;sort&apos; : &apos;checkedOn&apos; }
                                                   ^
	at org.springframework.beans.factory.support.ConstructorResolver.instantiateUsingFactoryMethod(ConstructorResolver.java:599)
	at org.springframework.beans.factory.support.AbstractAutowireCapableBeanFactory.instantiateUsingFactoryMethod(AbstractAutowireCapableBeanFactory.java:1111)
	at org.springframework.beans.factory.support.AbstractAutowireCapableBeanFactory.createBeanInstance(AbstractAutowireCapableBeanFactory.java:1006)
	at org.springframework.beans.factory.support.AbstractAutowireCapableBeanFactory.doCreateBean(AbstractAutowireCapableBeanFactory.java:504)
	at org.springframework.beans.factory.support.AbstractAutowireCapableBeanFactory.createBean(AbstractAutowireCapableBeanFactory.java:476)
	at org.springframework.beans.factory.support.AbstractBeanFactory$1.getObject(AbstractBeanFactory.java:303)
	at org.springframework.beans.factory.support.DefaultSingletonBeanRegistry.getSingleton(DefaultSingletonBeanRegistry.java:230)
	at org.springframework.beans.factory.support.AbstractBeanFactory.doGetBean(AbstractBeanFactory.java:299)
	at org.springframework.beans.factory.support.AbstractBeanFactory.getBean(AbstractBeanFactory.java:194)
	at org.springframework.beans.factory.support.DefaultListableBeanFactory.findAutowireCandidates(DefaultListableBeanFactory.java:1120)
	at org.springframework.beans.factory.support.DefaultListableBeanFactory.doResolveDependency(DefaultListableBeanFactory.java:996)
	at org.springframework.beans.factory.support.DefaultListableBeanFactory.resolveDependency(DefaultListableBeanFactory.java:942)
	at org.springframework.beans.factory.annotation.AutowiredAnnotationBeanPostProcessor$AutowiredFieldElement.inject(AutowiredAnnotationBeanPostProcessor.java:533)
	... 57 more
Caused by: org.springframework.beans.BeanInstantiationException: Failed to instantiate [org.springframework.http.converter.json.MappingJackson2HttpMessageConverter]: Factory method &apos;jacksonHttpMessageConverter&apos; threw exception; nested exception is org.springframework.beans.factory.BeanCreationException: Error creating bean with name &apos;config&apos; defined in class path resource [org/mygovscot/healthcheck/config/RestDataConfig.class]: Bean instantiation via factory method failed; nested exception is org.springframework.beans.BeanInstantiationException: Failed to instantiate [org.springframework.data.rest.core.config.RepositoryRestConfiguration]: Factory method &apos;config&apos; threw exception; nested exception is org.springframework.beans.factory.BeanCreationException: Error creating bean with name &apos;repositories&apos; defined in class path resource [org/mygovscot/healthcheck/config/RestDataConfig.class]: Bean instantiation via factory method failed; nested exception is org.springframework.beans.BeanInstantiationException: Failed to instantiate [org.springframework.data.repository.support.Repositories]: Factory method &apos;repositories&apos; threw exception; nested exception is org.springframework.beans.factory.BeanCreationException: Error creating bean with name &apos;linkRepository&apos;: Invocation of init method failed; nested exception is com.mongodb.util.JSONParseException: 
{ &apos;status&apos; : { $gt: 299 }, &apos;myGovPath&apos; : &quot;_param_0&quot;i, &apos;sort&apos; : &apos;checkedOn&apos; }
                                                   ^
	at org.springframework.beans.factory.support.SimpleInstantiationStrategy.instantiate(SimpleInstantiationStrategy.java:189)
	at org.springframework.beans.factory.support.ConstructorResolver.instantiateUsingFactoryMethod(ConstructorResolver.java:588)
	... 69 more
Caused by: org.springframework.beans.factory.BeanCreationException: Error creating bean with name &apos;config&apos; defined in class path resource [org/mygovscot/healthcheck/config/RestDataConfig.class]: Bean instantiation via factory method failed; nested exception is org.springframework.beans.BeanInstantiationException: Failed to instantiate [org.springframework.data.rest.core.config.RepositoryRestConfiguration]: Factory method &apos;config&apos; threw exception; nested exception is org.springframework.beans.factory.BeanCreationException: Error creating bean with name &apos;repositories&apos; defined in class path resource [org/mygovscot/healthcheck/config/RestDataConfig.class]: Bean instantiation via factory method failed; nested exception is org.springframework.beans.BeanInstantiationException: Failed to instantiate [org.springframework.data.repository.support.Repositories]: Factory method &apos;repositories&apos; threw exception; nested exception is org.springframework.beans.factory.BeanCreationException: Error creating bean with name &apos;linkRepository&apos;: Invocation of init method failed; nested exception is com.mongodb.util.JSONParseException: 
{ &apos;status&apos; : { $gt: 299 }, &apos;myGovPath&apos; : &quot;_param_0&quot;i, &apos;sort&apos; : &apos;checkedOn&apos; }
                                                   ^
	at org.springframework.beans.factory.support.ConstructorResolver.instantiateUsingFactoryMethod(ConstructorResolver.java:599)
	at org.springframework.beans.factory.support.AbstractAutowireCapableBeanFactory.instantiateUsingFactoryMethod(AbstractAutowireCapableBeanFactory.java:1111)
	at org.springframework.beans.factory.support.AbstractAutowireCapableBeanFactory.createBeanInstance(AbstractAutowireCapableBeanFactory.java:1006)
	at org.springframework.beans.factory.support.AbstractAutowireCapableBeanFactory.doCreateBean(AbstractAutowireCapableBeanFactory.java:504)
	at org.springframework.beans.factory.support.AbstractAutowireCapableBeanFactory.createBean(AbstractAutowireCapableBeanFactory.java:476)
	at org.springframework.beans.factory.support.AbstractBeanFactory$1.getObject(AbstractBeanFactory.java:303)
	at org.springframework.beans.factory.support.DefaultSingletonBeanRegistry.getSingleton(DefaultSingletonBeanRegistry.java:230)
	at org.springframework.beans.factory.support.AbstractBeanFactory.doGetBean(AbstractBeanFactory.java:299)
	at org.springframework.beans.factory.support.AbstractBeanFactory.getBean(AbstractBeanFactory.java:194)
	at org.springframework.context.annotation.ConfigurationClassEnhancer$BeanMethodInterceptor.intercept(ConfigurationClassEnhancer.java:323)
	at org.mygovscot.healthcheck.config.RestDataConfig$$EnhancerBySpringCGLIB$$bd35d4c6.config(&lt;generated&gt;)
	at org.springframework.data.rest.webmvc.config.RepositoryRestMvcConfiguration.jacksonHttpMessageConverter(RepositoryRestMvcConfiguration.java:390)
	at org.mygovscot.healthcheck.config.RestDataConfig$$EnhancerBySpringCGLIB$$bd35d4c6.CGLIB$jacksonHttpMessageConverter$20(&lt;generated&gt;)
	at org.mygovscot.healthcheck.config.RestDataConfig$$EnhancerBySpringCGLIB$$bd35d4c6$$FastClassBySpringCGLIB$$3c411d17.invoke(&lt;generated&gt;)
	at org.springframework.cglib.proxy.MethodProxy.invokeSuper(MethodProxy.java:228)
	at org.springframework.context.annotation.ConfigurationClassEnhancer$BeanMethodInterceptor.intercept(ConfigurationClassEnhancer.java:311)
	at org.mygovscot.healthcheck.config.RestDataConfig$$EnhancerBySpringCGLIB$$bd35d4c6.jacksonHttpMessageConverter(&lt;generated&gt;)
	at sun.reflect.NativeMethodAccessorImpl.invoke0(Native Method)
	at sun.reflect.NativeMethodAccessorImpl.invoke(NativeMethodAccessorImpl.java:57)
	at sun.reflect.DelegatingMethodAccessorImpl.invoke(DelegatingMethodAccessorImpl.java:43)
	at java.lang.reflect.Method.invoke(Method.java:606)
	at org.springframework.beans.factory.support.SimpleInstantiationStrategy.instantiate(SimpleInstantiationStrategy.java:162)
	... 70 more
Caused by: org.springframework.beans.BeanInstantiationException: Failed to instantiate [org.springframework.data.rest.core.config.RepositoryRestConfiguration]: Factory method &apos;config&apos; threw exception; nested exception is org.springframework.beans.factory.BeanCreationException: Error creating bean with name &apos;repositories&apos; defined in class path resource [org/mygovscot/healthcheck/config/RestDataConfig.class]: Bean instantiation via factory method failed; nested exception is org.springframework.beans.BeanInstantiationException: Failed to instantiate [org.springframework.data.repository.support.Repositories]: Factory method &apos;repositories&apos; threw exception; nested exception is org.springframework.beans.factory.BeanCreationException: Error creating bean with name &apos;linkRepository&apos;: Invocation of init method failed; nested exception is com.mongodb.util.JSONParseException: 
{ &apos;status&apos; : { $gt: 299 }, &apos;myGovPath&apos; : &quot;_param_0&quot;i, &apos;sort&apos; : &apos;checkedOn&apos; }
                                                   ^
	at org.springframework.beans.factory.support.SimpleInstantiationStrategy.instantiate(SimpleInstantiationStrategy.java:189)
	at org.springframework.beans.factory.support.ConstructorResolver.instantiateUsingFactoryMethod(ConstructorResolver.java:588)
	... 91 more
Caused by: org.springframework.beans.factory.BeanCreationException: Error creating bean with name &apos;repositories&apos; defined in class path resource [org/mygovscot/healthcheck/config/RestDataConfig.class]: Bean instantiation via factory method failed; nested exception is org.springframework.beans.BeanInstantiationException: Failed to instantiate [org.springframework.data.repository.support.Repositories]: Factory method &apos;repositories&apos; threw exception; nested exception is org.springframework.beans.factory.BeanCreationException: Error creating bean with name &apos;linkRepository&apos;: Invocation of init method failed; nested exception is com.mongodb.util.JSONParseException: 
{ &apos;status&apos; : { $gt: 299 }, &apos;myGovPath&apos; : &quot;_param_0&quot;i, &apos;sort&apos; : &apos;checkedOn&apos; }
                                                   ^
	at org.springframework.beans.factory.support.ConstructorResolver.instantiateUsingFactoryMethod(ConstructorResolver.java:599)
	at org.springframework.beans.factory.support.AbstractAutowireCapableBeanFactory.instantiateUsingFactoryMethod(AbstractAutowireCapableBeanFactory.java:1111)
	at org.springframework.beans.factory.support.AbstractAutowireCapableBeanFactory.createBeanInstance(AbstractAutowireCapableBeanFactory.java:1006)
	at org.springframework.beans.factory.support.AbstractAutowireCapableBeanFactory.doCreateBean(AbstractAutowireCapableBeanFactory.java:504)
	at org.springframework.beans.factory.support.AbstractAutowireCapableBeanFactory.createBean(AbstractAutowireCapableBeanFactory.java:476)
	at org.springframework.beans.factory.support.AbstractBeanFactory$1.getObject(AbstractBeanFactory.java:303)
	at org.springframework.beans.factory.support.DefaultSingletonBeanRegistry.getSingleton(DefaultSingletonBeanRegistry.java:230)
	at org.springframework.beans.factory.support.AbstractBeanFactory.doGetBean(AbstractBeanFactory.java:299)
	at org.springframework.beans.factory.support.AbstractBeanFactory.getBean(AbstractBeanFactory.java:194)
	at org.springframework.context.annotation.ConfigurationClassEnhancer$BeanMethodInterceptor.intercept(ConfigurationClassEnhancer.java:323)
	at org.mygovscot.healthcheck.config.RestDataConfig$$EnhancerBySpringCGLIB$$bd35d4c6.repositories(&lt;generated&gt;)
	at org.springframework.data.rest.webmvc.config.RepositoryRestMvcConfiguration.config(RepositoryRestMvcConfiguration.java:227)
	at org.mygovscot.healthcheck.config.RestDataConfig$$EnhancerBySpringCGLIB$$bd35d4c6.CGLIB$config$45(&lt;generated&gt;)
	at org.mygovscot.healthcheck.config.RestDataConfig$$EnhancerBySpringCGLIB$$bd35d4c6$$FastClassBySpringCGLIB$$3c411d17.invoke(&lt;generated&gt;)
	at org.springframework.cglib.proxy.MethodProxy.invokeSuper(MethodProxy.java:228)
	at org.springframework.context.annotation.ConfigurationClassEnhancer$BeanMethodInterceptor.intercept(ConfigurationClassEnhancer.java:311)
	at org.mygovscot.healthcheck.config.RestDataConfig$$EnhancerBySpringCGLIB$$bd35d4c6.config(&lt;generated&gt;)
	at sun.reflect.NativeMethodAccessorImpl.invoke0(Native Method)
	at sun.reflect.NativeMethodAccessorImpl.invoke(NativeMethodAccessorImpl.java:57)
	at sun.reflect.DelegatingMethodAccessorImpl.invoke(DelegatingMethodAccessorImpl.java:43)
	at java.lang.reflect.Method.invoke(Method.java:606)
	at org.springframework.beans.factory.support.SimpleInstantiationStrategy.instantiate(SimpleInstantiationStrategy.java:162)
	... 92 more
Caused by: org.springframework.beans.BeanInstantiationException: Failed to instantiate [org.springframework.data.repository.support.Repositories]: Factory method &apos;repositories&apos; threw exception; nested exception is org.springframework.beans.factory.BeanCreationException: Error creating bean with name &apos;linkRepository&apos;: Invocation of init method failed; nested exception is com.mongodb.util.JSONParseException: 
{ &apos;status&apos; : { $gt: 299 }, &apos;myGovPath&apos; : &quot;_param_0&quot;i, &apos;sort&apos; : &apos;checkedOn&apos; }
                                                   ^
	at org.springframework.beans.factory.support.SimpleInstantiationStrategy.instantiate(SimpleInstantiationStrategy.java:189)
	at org.springframework.beans.factory.support.ConstructorResolver.instantiateUsingFactoryMethod(ConstructorResolver.java:588)
	... 113 more
Caused by: org.springframework.beans.factory.BeanCreationException: Error creating bean with name &apos;linkRepository&apos;: Invocation of init method failed; nested exception is com.mongodb.util.JSONParseException: 
{ &apos;status&apos; : { $gt: 299 }, &apos;myGovPath&apos; : &quot;_param_0&quot;i, &apos;sort&apos; : &apos;checkedOn&apos; }
                                                   ^
	at org.springframework.beans.factory.support.AbstractAutowireCapableBeanFactory.initializeBean(AbstractAutowireCapableBeanFactory.java:1566)
	at org.springframework.beans.factory.support.AbstractAutowireCapableBeanFactory.doCreateBean(AbstractAutowireCapableBeanFactory.java:539)
	at org.springframework.beans.factory.support.AbstractAutowireCapableBeanFactory.createBean(AbstractAutowireCapableBeanFactory.java:476)
	at org.springframework.beans.factory.support.AbstractBeanFactory$1.getObject(AbstractBeanFactory.java:303)
	at org.springframework.beans.factory.support.DefaultSingletonBeanRegistry.getSingleton(DefaultSingletonBeanRegistry.java:230)
	at org.springframework.beans.factory.support.AbstractBeanFactory.doGetBean(AbstractBeanFactory.java:299)
	at org.springframework.beans.factory.support.AbstractBeanFactory.getBean(AbstractBeanFactory.java:199)
	at org.springframework.data.repository.support.Repositories.populateRepositoryFactoryInformation(Repositories.java:93)
	at org.springframework.data.repository.support.Repositories.&lt;init&gt;(Repositories.java:84)
	at org.springframework.data.rest.webmvc.config.RepositoryRestMvcConfiguration.repositories(RepositoryRestMvcConfiguration.java:158)
	at org.mygovscot.healthcheck.config.RestDataConfig$$EnhancerBySpringCGLIB$$bd35d4c6.CGLIB$repositories$1(&lt;generated&gt;)
	at org.mygovscot.healthcheck.config.RestDataConfig$$EnhancerBySpringCGLIB$$bd35d4c6$$FastClassBySpringCGLIB$$3c411d17.invoke(&lt;generated&gt;)
	at org.springframework.cglib.proxy.MethodProxy.invokeSuper(MethodProxy.java:228)
	at org.springframework.context.annotation.ConfigurationClassEnhancer$BeanMethodInterceptor.intercept(ConfigurationClassEnhancer.java:311)
	at org.mygovscot.healthcheck.config.RestDataConfig$$EnhancerBySpringCGLIB$$bd35d4c6.repositories(&lt;generated&gt;)
	at sun.reflect.NativeMethodAccessorImpl.invoke0(Native Method)
	at sun.reflect.NativeMethodAccessorImpl.invoke(NativeMethodAccessorImpl.java:57)
	at sun.reflect.DelegatingMethodAccessorImpl.invoke(DelegatingMethodAccessorImpl.java:43)
	at java.lang.reflect.Method.invoke(Method.java:606)
	at org.springframework.beans.factory.support.SimpleInstantiationStrategy.instantiate(SimpleInstantiationStrategy.java:162)
	... 114 more
Caused by: com.mongodb.util.JSONParseException: 
{ &apos;status&apos; : { $gt: 299 }, &apos;myGovPath&apos; : &quot;_param_0&quot;i, &apos;sort&apos; : &apos;checkedOn&apos; }
                                                   ^
	at com.mongodb.util.JSONParser.read(JSON.java:290)
	at com.mongodb.util.JSONParser.parseObject(JSON.java:259)
	at com.mongodb.util.JSONParser.parse(JSON.java:213)
	at com.mongodb.util.JSONParser.parse(JSON.java:163)
	at com.mongodb.util.JSON.parse(JSON.java:99)
	at com.mongodb.util.JSON.parse(JSON.java:79)
	at org.springframework.data.mongodb.repository.query.StringBasedMongoQuery$ParameterBindingParser.parseParameterBindingsFrom(StringBasedMongoQuery.java:216)
	at org.springframework.data.mongodb.repository.query.StringBasedMongoQuery.&lt;init&gt;(StringBasedMongoQuery.java:77)
	at org.springframework.data.mongodb.repository.query.StringBasedMongoQuery.&lt;init&gt;(StringBasedMongoQuery.java:62)
	at org.springframework.data.mongodb.repository.support.MongoRepositoryFactory$MongoQueryLookupStrategy.resolveQuery(MongoRepositoryFactory.java:126)
	at org.springframework.data.repository.core.support.RepositoryFactorySupport$QueryExecutorMethodInterceptor.&lt;init&gt;(RepositoryFactorySupport.java:349)
	at org.springframework.data.repository.core.support.RepositoryFactorySupport.getRepository(RepositoryFactorySupport.java:187)
	at org.springframework.data.repository.core.support.RepositoryFactoryBeanSupport.initAndReturn(RepositoryFactoryBeanSupport.java:239)
	at org.springframework.data.repository.core.support.RepositoryFactoryBeanSupport.afterPropertiesSet(RepositoryFactoryBeanSupport.java:225)
	at org.springframework.data.mongodb.repository.support.MongoRepositoryFactoryBean.afterPropertiesSet(MongoRepositoryFactoryBean.java:108)
	at org.springframework.beans.factory.support.AbstractAutowireCapableBeanFactory.invokeInitMethods(AbstractAutowireCapableBeanFactory.java:1625)
	at org.springframework.beans.factory.support.AbstractAutowireCapableBeanFactory.initializeBean(AbstractAutowireCapableBeanFactory.java:1562)
	... 133 more
</error>
    <system-out>14:39:32.780 [main] DEBUG o.s.t.c.j.SpringJUnit4ClassRunner - SpringJUnit4ClassRunner constructor called with [class org.mygovscot.healthcheck.RestIT].
14:39:32.790 [main] DEBUG o.s.test.context.BootstrapUtils - Instantiating TestContextBootstrapper from class [org.springframework.test.context.web.WebTestContextBootstrapper]
14:39:32.806 [main] DEBUG o.s.t.c.w.WebTestContextBootstrapper - Found explicit ContextLoader class [org.springframework.boot.test.SpringApplicationContextLoader] for context configuration attributes [ContextConfigurationAttributes@7844f218 declaringClass = &apos;org.mygovscot.healthcheck.RestIT&apos;, classes = &apos;{class org.mygovscot.healthcheck.HealthCheckApp, class org.mygovscot.healthcheck.MongoTestConfiguration}&apos;, locations = &apos;{}&apos;, inheritLocations = true, initializers = &apos;{}&apos;, inheritInitializers = true, name = [null], contextLoaderClass = &apos;org.springframework.boot.test.SpringApplicationContextLoader&apos;]
14:39:32.812 [main] DEBUG o.s.t.c.support.ActiveProfilesUtils - Could not find an &apos;annotation declaring class&apos; for annotation type [org.springframework.test.context.ActiveProfiles] and class [org.mygovscot.healthcheck.RestIT]
14:39:32.825 [main] INFO  o.s.t.c.w.WebTestContextBootstrapper - Using TestExecutionListeners: [org.springframework.boot.test.IntegrationTestPropertiesListener@35481fbd, org.springframework.test.context.support.DependencyInjectionTestExecutionListener@121bcc9f, org.springframework.test.context.support.DirtiesContextTestExecutionListener@5f16e402, org.springframework.test.context.transaction.TransactionalTestExecutionListener@57d37013, org.springframework.test.context.jdbc.SqlScriptsTestExecutionListener@7a631c70]
14:39:32.830 [main] DEBUG o.s.t.annotation.ProfileValueUtils - Retrieved @ProfileValueSourceConfiguration [null] for test class [org.mygovscot.healthcheck.RestIT]
14:39:32.830 [main] DEBUG o.s.t.annotation.ProfileValueUtils - Retrieved ProfileValueSource type [class org.springframework.test.annotation.SystemProfileValueSource] for class [org.mygovscot.healthcheck.RestIT]
14:39:32.831 [main] DEBUG o.s.t.annotation.ProfileValueUtils - Retrieved @ProfileValueSourceConfiguration [null] for test class [org.mygovscot.healthcheck.RestIT]
14:39:32.831 [main] DEBUG o.s.t.annotation.ProfileValueUtils - Retrieved ProfileValueSource type [class org.springframework.test.annotation.SystemProfileValueSource] for class [org.mygovscot.healthcheck.RestIT]
14:39:32.834 [main] DEBUG o.s.t.annotation.ProfileValueUtils - Retrieved @ProfileValueSourceConfiguration [null] for test class [org.mygovscot.healthcheck.RestIT]
14:39:32.834 [main] DEBUG o.s.t.annotation.ProfileValueUtils - Retrieved ProfileValueSource type [class org.springframework.test.annotation.SystemProfileValueSource] for class [org.mygovscot.healthcheck.RestIT]
14:39:32.836 [main] DEBUG o.s.test.util.ReflectionTestUtils - Getting field [mergedContextConfiguration] from target [[DefaultTestContext@18d1cf9e testClass = RestIT, testInstance = org.mygovscot.healthcheck.RestIT@76959acc, testMethod = [null], testException = [null], mergedContextConfiguration = [WebMergedContextConfiguration@57e603e6 testClass = RestIT, locations = &apos;{}&apos;, classes = &apos;{class org.mygovscot.healthcheck.HealthCheckApp, class org.mygovscot.healthcheck.MongoTestConfiguration}&apos;, contextInitializerClasses = &apos;[]&apos;, activeProfiles = &apos;{}&apos;, propertySourceLocations = &apos;{}&apos;, propertySourceProperties = &apos;{}&apos;, resourceBasePath = &apos;src/main/webapp&apos;, contextLoader = &apos;org.springframework.boot.test.SpringApplicationContextLoader&apos;, parent = [null]]]]
14:39:32.837 [main] DEBUG o.s.test.util.ReflectionTestUtils - Setting field [propertySourceProperties] of type [null] on target [[WebMergedContextConfiguration@57e603e6 testClass = RestIT, locations = &apos;{}&apos;, classes = &apos;{class org.mygovscot.healthcheck.HealthCheckApp, class org.mygovscot.healthcheck.MongoTestConfiguration}&apos;, contextInitializerClasses = &apos;[]&apos;, activeProfiles = &apos;{}&apos;, propertySourceLocations = &apos;{}&apos;, propertySourceProperties = &apos;{}&apos;, resourceBasePath = &apos;src/main/webapp&apos;, contextLoader = &apos;org.springframework.boot.test.SpringApplicationContextLoader&apos;, parent = [null]]] to value [[Ljava.lang.String;@1fec306b]
14:39:32.837 [main] DEBUG o.s.t.c.s.DependencyInjectionTestExecutionListener - Performing dependency injection for test context [[DefaultTestContext@18d1cf9e testClass = RestIT, testInstance = org.mygovscot.healthcheck.RestIT@76959acc, testMethod = [null], testException = [null], mergedContextConfiguration = [WebMergedContextConfiguration@57e603e6 testClass = RestIT, locations = &apos;{}&apos;, classes = &apos;{class org.mygovscot.healthcheck.HealthCheckApp, class org.mygovscot.healthcheck.MongoTestConfiguration}&apos;, contextInitializerClasses = &apos;[]&apos;, activeProfiles = &apos;{}&apos;, propertySourceLocations = &apos;{}&apos;, propertySourceProperties = &apos;{server.port:0, org.springframework.boot.test.IntegrationTest=true}&apos;, resourceBasePath = &apos;src/main/webapp&apos;, contextLoader = &apos;org.springframework.boot.test.SpringApplicationContextLoader&apos;, parent = [null]]]].
14:39:32.903 [main] DEBUG o.s.core.env.StandardEnvironment - Adding [systemProperties] PropertySource with lowest search precedence
14:39:32.904 [main] DEBUG o.s.core.env.StandardEnvironment - Adding [systemEnvironment] PropertySource with lowest search precedence
14:39:32.905 [main] DEBUG o.s.core.env.StandardEnvironment - Initialized StandardEnvironment with PropertySources [systemProperties,systemEnvironment]
14:39:32.905 [main] DEBUG o.s.core.env.StandardEnvironment - Adding [integrationTest] PropertySource with search precedence immediately lower than [systemEnvironment]

  .   ____          _            __ _ _
 /\\ / ___&apos;_ __ _ _(_)_ __  __ _ \ \ \ \
( ( )\___ | &apos;_ | &apos;_| | &apos;_ \/ _` | \ \ \ \
 \\/  ___)| |_)| | | | | || (_| |  ) ) ) )
  &apos;  |____| .__|_| |_|_| |_\__, | / / / /
 =========|_|==============|___/=/_/_/_/
 :: Spring Boot ::        (v1.2.2.RELEASE)

2015-03-17 14:39:33.502  INFO 55605 --- [           main] o.a.m.surefire.booter.SurefireBooter     : Starting SurefireBooter v2.6 on vq-mac-dt-034.local with PID 55605 (/Users/z418868/.m2/repository/org/apache/maven/surefire/surefire-booter/2.6/surefire-booter-2.6.jar started by z418868 in /Users/z418868/beta/health-check/healthcheck-rest-api)
2015-03-17 14:39:33.748  INFO 55605 --- [           main] ationConfigEmbeddedWebApplicationContext : Refreshing org.springframework.boot.context.embedded.AnnotationConfigEmbeddedWebApplicationContext@85f7aac: startup date [Tue Mar 17 14:39:33 GMT 2015]; root of context hierarchy
2015-03-17 14:39:34.296  INFO 55605 --- [           main] o.s.b.f.s.DefaultListableBeanFactory     : Overriding bean definition for bean &apos;repositories&apos;: replacing [Root bean: class [null]; scope=; abstract=false; lazyInit=false; autowireMode=3; dependencyCheck=0; autowireCandidate=true; primary=false; factoryBeanName=org.springframework.data.rest.webmvc.config.RepositoryRestMvcConfiguration; factoryMethodName=repositories; initMethodName=null; destroyMethodName=(inferred); defined in class path resource [org/springframework/data/rest/webmvc/config/RepositoryRestMvcConfiguration.class]] with [Root bean: class [null]; scope=; abstract=false; lazyInit=false; autowireMode=3; dependencyCheck=0; autowireCandidate=true; primary=false; factoryBeanName=restDataConfig; factoryMethodName=repositories; initMethodName=null; destroyMethodName=(inferred); defined in class path resource [org/mygovscot/healthcheck/config/RestDataConfig.class]]
2015-03-17 14:39:34.297  INFO 55605 --- [           main] o.s.b.f.s.DefaultListableBeanFactory     : Overriding bean definition for bean &apos;repositoryRelProvider&apos;: replacing [Root bean: class [null]; scope=; abstract=false; lazyInit=false; autowireMode=3; dependencyCheck=0; autowireCandidate=true; primary=false; factoryBeanName=org.springframework.data.rest.webmvc.config.RepositoryRestMvcConfiguration; factoryMethodName=repositoryRelProvider; initMethodName=null; destroyMethodName=(inferred); defined in class path resource [org/springframework/data/rest/webmvc/config/RepositoryRestMvcConfiguration.class]] with [Root bean: class [null]; scope=; abstract=false; lazyInit=false; autowireMode=3; dependencyCheck=0; autowireCandidate=true; primary=false; factoryBeanName=restDataConfig; factoryMethodName=repositoryRelProvider; initMethodName=null; destroyMethodName=(inferred); defined in class path resource [org/mygovscot/healthcheck/config/RestDataConfig.class]]
2015-03-17 14:39:34.297  INFO 55605 --- [           main] o.s.b.f.s.DefaultListableBeanFactory     : Overriding bean definition for bean &apos;persistentEntities&apos;: replacing [Root bean: class [null]; scope=; abstract=false; lazyInit=false; autowireMode=3; dependencyCheck=0; autowireCandidate=true; primary=false; factoryBeanName=org.springframework.data.rest.webmvc.config.RepositoryRestMvcConfiguration; factoryMethodName=persistentEntities; initMethodName=null; destroyMethodName=(inferred); defined in class path resource [org/springframework/data/rest/webmvc/config/RepositoryRestMvcConfiguration.class]] with [Root bean: class [null]; scope=; abstract=false; lazyInit=false; autowireMode=3; dependencyCheck=0; autowireCandidate=true; primary=false; factoryBeanName=restDataConfig; factoryMethodName=persistentEntities; initMethodName=null; destroyMethodName=(inferred); defined in class path resource [org/mygovscot/healthcheck/config/RestDataConfig.class]]
2015-03-17 14:39:34.298  INFO 55605 --- [           main] o.s.b.f.s.DefaultListableBeanFactory     : Overriding bean definition for bean &apos;defaultConversionService&apos;: replacing [Root bean: class [null]; scope=; abstract=false; lazyInit=false; autowireMode=3; dependencyCheck=0; autowireCandidate=true; primary=false; factoryBeanName=org.springframework.data.rest.webmvc.config.RepositoryRestMvcConfiguration; factoryMethodName=defaultConversionService; initMethodName=null; destroyMethodName=(inferred); defined in class path resource [org/springframework/data/rest/webmvc/config/RepositoryRestMvcConfiguration.class]] with [Root bean: class [null]; scope=; abstract=false; lazyInit=false; autowireMode=3; dependencyCheck=0; autowireCandidate=true; primary=false; factoryBeanName=restDataConfig; factoryMethodName=defaultConversionService; initMethodName=null; destroyMethodName=(inferred); defined in class path resource [org/mygovscot/healthcheck/config/RestDataConfig.class]]
2015-03-17 14:39:34.298  INFO 55605 --- [           main] o.s.b.f.s.DefaultListableBeanFactory     : Overriding bean definition for bean &apos;validatingRepositoryEventListener&apos;: replacing [Root bean: class [null]; scope=; abstract=false; lazyInit=false; autowireMode=3; dependencyCheck=0; autowireCandidate=true; primary=false; factoryBeanName=org.springframework.data.rest.webmvc.config.RepositoryRestMvcConfiguration; factoryMethodName=validatingRepositoryEventListener; initMethodName=null; destroyMethodName=(inferred); defined in class path resource [org/springframework/data/rest/webmvc/config/RepositoryRestMvcConfiguration.class]] with [Root bean: class [null]; scope=; abstract=false; lazyInit=false; autowireMode=3; dependencyCheck=0; autowireCandidate=true; primary=false; factoryBeanName=restDataConfig; factoryMethodName=validatingRepositoryEventListener; initMethodName=null; destroyMethodName=(inferred); defined in class path resource [org/mygovscot/healthcheck/config/RestDataConfig.class]]
2015-03-17 14:39:34.298  INFO 55605 --- [           main] o.s.b.f.s.DefaultListableBeanFactory     : Overriding bean definition for bean &apos;jpaHelper&apos;: replacing [Root bean: class [null]; scope=; abstract=false; lazyInit=false; autowireMode=3; dependencyCheck=0; autowireCandidate=true; primary=false; factoryBeanName=org.springframework.data.rest.webmvc.config.RepositoryRestMvcConfiguration; factoryMethodName=jpaHelper; initMethodName=null; destroyMethodName=(inferred); defined in class path resource [org/springframework/data/rest/webmvc/config/RepositoryRestMvcConfiguration.class]] with [Root bean: class [null]; scope=; abstract=false; lazyInit=false; autowireMode=3; dependencyCheck=0; autowireCandidate=true; primary=false; factoryBeanName=restDataConfig; factoryMethodName=jpaHelper; initMethodName=null; destroyMethodName=(inferred); defined in class path resource [org/mygovscot/healthcheck/config/RestDataConfig.class]]
2015-03-17 14:39:34.298  INFO 55605 --- [           main] o.s.b.f.s.DefaultListableBeanFactory     : Overriding bean definition for bean &apos;config&apos;: replacing [Root bean: class [null]; scope=; abstract=false; lazyInit=false; autowireMode=3; dependencyCheck=0; autowireCandidate=true; primary=false; factoryBeanName=org.springframework.data.rest.webmvc.config.RepositoryRestMvcConfiguration; factoryMethodName=config; initMethodName=null; destroyMethodName=(inferred); defined in class path resource [org/springframework/data/rest/webmvc/config/RepositoryRestMvcConfiguration.class]] with [Root bean: class [null]; scope=; abstract=false; lazyInit=false; autowireMode=3; dependencyCheck=0; autowireCandidate=true; primary=false; factoryBeanName=restDataConfig; factoryMethodName=config; initMethodName=null; destroyMethodName=(inferred); defined in class path resource [org/mygovscot/healthcheck/config/RestDataConfig.class]]
2015-03-17 14:39:34.299  INFO 55605 --- [           main] o.s.b.f.s.DefaultListableBeanFactory     : Overriding bean definition for bean &apos;metadataConfiguration&apos;: replacing [Root bean: class [null]; scope=; abstract=false; lazyInit=false; autowireMode=3; dependencyCheck=0; autowireCandidate=true; primary=false; factoryBeanName=org.springframework.data.rest.webmvc.config.RepositoryRestMvcConfiguration; factoryMethodName=metadataConfiguration; initMethodName=null; destroyMethodName=(inferred); defined in class path resource [org/springframework/data/rest/webmvc/config/RepositoryRestMvcConfiguration.class]] with [Root bean: class [null]; scope=; abstract=false; lazyInit=false; autowireMode=3; dependencyCheck=0; autowireCandidate=true; primary=false; factoryBeanName=restDataConfig; factoryMethodName=metadataConfiguration; initMethodName=null; destroyMethodName=(inferred); defined in class path resource [org/mygovscot/healthcheck/config/RestDataConfig.class]]
2015-03-17 14:39:34.299  INFO 55605 --- [           main] o.s.b.f.s.DefaultListableBeanFactory     : Overriding bean definition for bean &apos;baseUri&apos;: replacing [Root bean: class [null]; scope=; abstract=false; lazyInit=false; autowireMode=3; dependencyCheck=0; autowireCandidate=true; primary=false; factoryBeanName=org.springframework.data.rest.webmvc.config.RepositoryRestMvcConfiguration; factoryMethodName=baseUri; initMethodName=null; destroyMethodName=(inferred); defined in class path resource [org/springframework/data/rest/webmvc/config/RepositoryRestMvcConfiguration.class]] with [Root bean: class [null]; scope=; abstract=false; lazyInit=false; autowireMode=3; dependencyCheck=0; autowireCandidate=true; primary=false; factoryBeanName=restDataConfig; factoryMethodName=baseUri; initMethodName=null; destroyMethodName=(inferred); defined in class path resource [org/mygovscot/healthcheck/config/RestDataConfig.class]]
2015-03-17 14:39:34.299  INFO 55605 --- [           main] o.s.b.f.s.DefaultListableBeanFactory     : Overriding bean definition for bean &apos;annotatedHandlerBeanPostProcessor&apos;: replacing [Root bean: class [org.springframework.data.rest.webmvc.config.RepositoryRestMvcConfiguration]; scope=; abstract=false; lazyInit=false; autowireMode=3; dependencyCheck=0; autowireCandidate=true; primary=false; factoryBeanName=null; factoryMethodName=annotatedHandlerBeanPostProcessor; initMethodName=null; destroyMethodName=(inferred); defined in class path resource [org/springframework/data/rest/webmvc/config/RepositoryRestMvcConfiguration.class]] with [Root bean: class [org.mygovscot.healthcheck.config.RestDataConfig]; scope=; abstract=false; lazyInit=false; autowireMode=3; dependencyCheck=0; autowireCandidate=true; primary=false; factoryBeanName=null; factoryMethodName=annotatedHandlerBeanPostProcessor; initMethodName=null; destroyMethodName=(inferred); defined in class path resource [org/mygovscot/healthcheck/config/RestDataConfig.class]]
2015-03-17 14:39:34.300  INFO 55605 --- [           main] o.s.b.f.s.DefaultListableBeanFactory     : Overriding bean definition for bean &apos;domainObjectMerger&apos;: replacing [Root bean: class [null]; scope=; abstract=false; lazyInit=false; autowireMode=3; dependencyCheck=0; autowireCandidate=true; primary=false; factoryBeanName=org.springframework.data.rest.webmvc.config.RepositoryRestMvcConfiguration; factoryMethodName=domainObjectMerger; initMethodName=null; destroyMethodName=(inferred); defined in class path resource [org/springframework/data/rest/webmvc/config/RepositoryRestMvcConfiguration.class]] with [Root bean: class [null]; scope=; abstract=false; lazyInit=false; autowireMode=3; dependencyCheck=0; autowireCandidate=true; primary=false; factoryBeanName=restDataConfig; factoryMethodName=domainObjectMerger; initMethodName=null; destroyMethodName=(inferred); defined in class path resource [org/mygovscot/healthcheck/config/RestDataConfig.class]]
2015-03-17 14:39:34.300  INFO 55605 --- [           main] o.s.b.f.s.DefaultListableBeanFactory     : Overriding bean definition for bean &apos;serverHttpRequestMethodArgumentResolver&apos;: replacing [Root bean: class [null]; scope=; abstract=false; lazyInit=false; autowireMode=3; dependencyCheck=0; autowireCandidate=true; primary=false; factoryBeanName=org.springframework.data.rest.webmvc.config.RepositoryRestMvcConfiguration; factoryMethodName=serverHttpRequestMethodArgumentResolver; initMethodName=null; destroyMethodName=(inferred); defined in class path resource [org/springframework/data/rest/webmvc/config/RepositoryRestMvcConfiguration.class]] with [Root bean: class [null]; scope=; abstract=false; lazyInit=false; autowireMode=3; dependencyCheck=0; autowireCandidate=true; primary=false; factoryBeanName=restDataConfig; factoryMethodName=serverHttpRequestMethodArgumentResolver; initMethodName=null; destroyMethodName=(inferred); defined in class path resource [org/mygovscot/healthcheck/config/RestDataConfig.class]]
2015-03-17 14:39:34.300  INFO 55605 --- [           main] o.s.b.f.s.DefaultListableBeanFactory     : Overriding bean definition for bean &apos;repoRequestArgumentResolver&apos;: replacing [Root bean: class [null]; scope=; abstract=false; lazyInit=false; autowireMode=3; dependencyCheck=0; autowireCandidate=true; primary=false; factoryBeanName=org.springframework.data.rest.webmvc.config.RepositoryRestMvcConfiguration; factoryMethodName=repoRequestArgumentResolver; initMethodName=null; destroyMethodName=(inferred); defined in class path resource [org/springframework/data/rest/webmvc/config/RepositoryRestMvcConfiguration.class]] with [Root bean: class [null]; scope=; abstract=false; lazyInit=false; autowireMode=3; dependencyCheck=0; autowireCandidate=true; primary=false; factoryBeanName=restDataConfig; factoryMethodName=repoRequestArgumentResolver; initMethodName=null; destroyMethodName=(inferred); defined in class path resource [org/mygovscot/healthcheck/config/RestDataConfig.class]]
2015-03-17 14:39:34.300  INFO 55605 --- [           main] o.s.b.f.s.DefaultListableBeanFactory     : Overriding bean definition for bean &apos;resourceMetadataHandlerMethodArgumentResolver&apos;: replacing [Root bean: class [null]; scope=; abstract=false; lazyInit=false; autowireMode=3; dependencyCheck=0; autowireCandidate=true; primary=false; factoryBeanName=org.springframework.data.rest.webmvc.config.RepositoryRestMvcConfiguration; factoryMethodName=resourceMetadataHandlerMethodArgumentResolver; initMethodName=null; destroyMethodName=(inferred); defined in class path resource [org/springframework/data/rest/webmvc/config/RepositoryRestMvcConfiguration.class]] with [Root bean: class [null]; scope=; abstract=false; lazyInit=false; autowireMode=3; dependencyCheck=0; autowireCandidate=true; primary=false; factoryBeanName=restDataConfig; factoryMethodName=resourceMetadataHandlerMethodArgumentResolver; initMethodName=null; destroyMethodName=(inferred); defined in class path resource [org/mygovscot/healthcheck/config/RestDataConfig.class]]
2015-03-17 14:39:34.301  INFO 55605 --- [           main] o.s.b.f.s.DefaultListableBeanFactory     : Overriding bean definition for bean &apos;backendIdHandlerMethodArgumentResolver&apos;: replacing [Root bean: class [null]; scope=; abstract=false; lazyInit=false; autowireMode=3; dependencyCheck=0; autowireCandidate=true; primary=false; factoryBeanName=org.springframework.data.rest.webmvc.config.RepositoryRestMvcConfiguration; factoryMethodName=backendIdHandlerMethodArgumentResolver; initMethodName=null; destroyMethodName=(inferred); defined in class path resource [org/springframework/data/rest/webmvc/config/RepositoryRestMvcConfiguration.class]] with [Root bean: class [null]; scope=; abstract=false; lazyInit=false; autowireMode=3; dependencyCheck=0; autowireCandidate=true; primary=false; factoryBeanName=restDataConfig; factoryMethodName=backendIdHandlerMethodArgumentResolver; initMethodName=null; destroyMethodName=(inferred); defined in class path resource [org/mygovscot/healthcheck/config/RestDataConfig.class]]
2015-03-17 14:39:34.301  INFO 55605 --- [           main] o.s.b.f.s.DefaultListableBeanFactory     : Overriding bean definition for bean &apos;entityLinks&apos;: replacing [Root bean: class [null]; scope=; abstract=false; lazyInit=false; autowireMode=3; dependencyCheck=0; autowireCandidate=true; primary=false; factoryBeanName=org.springframework.data.rest.webmvc.config.RepositoryRestMvcConfiguration; factoryMethodName=entityLinks; initMethodName=null; destroyMethodName=(inferred); defined in class path resource [org/springframework/data/rest/webmvc/config/RepositoryRestMvcConfiguration.class]] with [Root bean: class [null]; scope=; abstract=false; lazyInit=false; autowireMode=3; dependencyCheck=0; autowireCandidate=true; primary=false; factoryBeanName=restDataConfig; factoryMethodName=entityLinks; initMethodName=null; destroyMethodName=(inferred); defined in class path resource [org/mygovscot/healthcheck/config/RestDataConfig.class]]
2015-03-17 14:39:34.301  INFO 55605 --- [           main] o.s.b.f.s.DefaultListableBeanFactory     : Overriding bean definition for bean &apos;persistentEntityArgumentResolver&apos;: replacing [Root bean: class [null]; scope=; abstract=false; lazyInit=false; autowireMode=3; dependencyCheck=0; autowireCandidate=true; primary=false; factoryBeanName=org.springframework.data.rest.webmvc.config.RepositoryRestMvcConfiguration; factoryMethodName=persistentEntityArgumentResolver; initMethodName=null; destroyMethodName=(inferred); defined in class path resource [org/springframework/data/rest/webmvc/config/RepositoryRestMvcConfiguration.class]] with [Root bean: class [null]; scope=; abstract=false; lazyInit=false; autowireMode=3; dependencyCheck=0; autowireCandidate=true; primary=false; factoryBeanName=restDataConfig; factoryMethodName=persistentEntityArgumentResolver; initMethodName=null; destroyMethodName=(inferred); defined in class path resource [org/mygovscot/healthcheck/config/RestDataConfig.class]]
2015-03-17 14:39:34.302  INFO 55605 --- [           main] o.s.b.f.s.DefaultListableBeanFactory     : Overriding bean definition for bean &apos;jsonSchemaConverter&apos;: replacing [Root bean: class [null]; scope=; abstract=false; lazyInit=false; autowireMode=3; dependencyCheck=0; autowireCandidate=true; primary=false; factoryBeanName=org.springframework.data.rest.webmvc.config.RepositoryRestMvcConfiguration; factoryMethodName=jsonSchemaConverter; initMethodName=null; destroyMethodName=(inferred); defined in class path resource [org/springframework/data/rest/webmvc/config/RepositoryRestMvcConfiguration.class]] with [Root bean: class [null]; scope=; abstract=false; lazyInit=false; autowireMode=3; dependencyCheck=0; autowireCandidate=true; primary=false; factoryBeanName=restDataConfig; factoryMethodName=jsonSchemaConverter; initMethodName=null; destroyMethodName=(inferred); defined in class path resource [org/mygovscot/healthcheck/config/RestDataConfig.class]]
2015-03-17 14:39:34.302  INFO 55605 --- [           main] o.s.b.f.s.DefaultListableBeanFactory     : Overriding bean definition for bean &apos;resourceDescriptionMessageSourceAccessor&apos;: replacing [Root bean: class [null]; scope=; abstract=false; lazyInit=false; autowireMode=3; dependencyCheck=0; autowireCandidate=true; primary=false; factoryBeanName=org.springframework.data.rest.webmvc.config.RepositoryRestMvcConfiguration; factoryMethodName=resourceDescriptionMessageSourceAccessor; initMethodName=null; destroyMethodName=(inferred); defined in class path resource [org/springframework/data/rest/webmvc/config/RepositoryRestMvcConfiguration.class]] with [Root bean: class [null]; scope=; abstract=false; lazyInit=false; autowireMode=3; dependencyCheck=0; autowireCandidate=true; primary=false; factoryBeanName=restDataConfig; factoryMethodName=resourceDescriptionMessageSourceAccessor; initMethodName=null; destroyMethodName=(inferred); defined in class path resource [org/mygovscot/healthcheck/config/RestDataConfig.class]]
2015-03-17 14:39:34.302  INFO 55605 --- [           main] o.s.b.f.s.DefaultListableBeanFactory     : Overriding bean definition for bean &apos;objectMapper&apos;: replacing [Root bean: class [null]; scope=; abstract=false; lazyInit=false; autowireMode=3; dependencyCheck=0; autowireCandidate=true; primary=false; factoryBeanName=org.springframework.data.rest.webmvc.config.RepositoryRestMvcConfiguration; factoryMethodName=objectMapper; initMethodName=null; destroyMethodName=(inferred); defined in class path resource [org/springframework/data/rest/webmvc/config/RepositoryRestMvcConfiguration.class]] with [Root bean: class [null]; scope=; abstract=false; lazyInit=false; autowireMode=3; dependencyCheck=0; autowireCandidate=true; primary=false; factoryBeanName=restDataConfig; factoryMethodName=objectMapper; initMethodName=null; destroyMethodName=(inferred); defined in class path resource [org/mygovscot/healthcheck/config/RestDataConfig.class]]
2015-03-17 14:39:34.302  INFO 55605 --- [           main] o.s.b.f.s.DefaultListableBeanFactory     : Overriding bean definition for bean &apos;jacksonHttpMessageConverter&apos;: replacing [Root bean: class [null]; scope=; abstract=false; lazyInit=false; autowireMode=3; dependencyCheck=0; autowireCandidate=true; primary=false; factoryBeanName=org.springframework.data.rest.webmvc.config.RepositoryRestMvcConfiguration; factoryMethodName=jacksonHttpMessageConverter; initMethodName=null; destroyMethodName=(inferred); defined in class path resource [org/springframework/data/rest/webmvc/config/RepositoryRestMvcConfiguration.class]] with [Root bean: class [null]; scope=; abstract=false; lazyInit=false; autowireMode=3; dependencyCheck=0; autowireCandidate=true; primary=false; factoryBeanName=restDataConfig; factoryMethodName=jacksonHttpMessageConverter; initMethodName=null; destroyMethodName=(inferred); defined in class path resource [org/mygovscot/healthcheck/config/RestDataConfig.class]]
2015-03-17 14:39:34.303  INFO 55605 --- [           main] o.s.b.f.s.DefaultListableBeanFactory     : Overriding bean definition for bean &apos;halJacksonHttpMessageConverter&apos;: replacing [Root bean: class [null]; scope=; abstract=false; lazyInit=false; autowireMode=3; dependencyCheck=0; autowireCandidate=true; primary=false; factoryBeanName=org.springframework.data.rest.webmvc.config.RepositoryRestMvcConfiguration; factoryMethodName=halJacksonHttpMessageConverter; initMethodName=null; destroyMethodName=(inferred); defined in class path resource [org/springframework/data/rest/webmvc/config/RepositoryRestMvcConfiguration.class]] with [Root bean: class [null]; scope=; abstract=false; lazyInit=false; autowireMode=3; dependencyCheck=0; autowireCandidate=true; primary=false; factoryBeanName=restDataConfig; factoryMethodName=halJacksonHttpMessageConverter; initMethodName=null; destroyMethodName=(inferred); defined in class path resource [org/mygovscot/healthcheck/config/RestDataConfig.class]]
2015-03-17 14:39:34.303  INFO 55605 --- [           main] o.s.b.f.s.DefaultListableBeanFactory     : Overriding bean definition for bean &apos;halObjectMapper&apos;: replacing [Root bean: class [null]; scope=; abstract=false; lazyInit=false; autowireMode=3; dependencyCheck=0; autowireCandidate=true; primary=false; factoryBeanName=org.springframework.data.rest.webmvc.config.RepositoryRestMvcConfiguration; factoryMethodName=halObjectMapper; initMethodName=null; destroyMethodName=(inferred); defined in class path resource [org/springframework/data/rest/webmvc/config/RepositoryRestMvcConfiguration.class]] with [Root bean: class [null]; scope=; abstract=false; lazyInit=false; autowireMode=3; dependencyCheck=0; autowireCandidate=true; primary=false; factoryBeanName=restDataConfig; factoryMethodName=halObjectMapper; initMethodName=null; destroyMethodName=(inferred); defined in class path resource [org/mygovscot/healthcheck/config/RestDataConfig.class]]
2015-03-17 14:39:34.303  INFO 55605 --- [           main] o.s.b.f.s.DefaultListableBeanFactory     : Overriding bean definition for bean &apos;uriListHttpMessageConverter&apos;: replacing [Root bean: class [null]; scope=; abstract=false; lazyInit=false; autowireMode=3; dependencyCheck=0; autowireCandidate=true; primary=false; factoryBeanName=org.springframework.data.rest.webmvc.config.RepositoryRestMvcConfiguration; factoryMethodName=uriListHttpMessageConverter; initMethodName=null; destroyMethodName=(inferred); defined in class path resource [org/springframework/data/rest/webmvc/config/RepositoryRestMvcConfiguration.class]] with [Root bean: class [null]; scope=; abstract=false; lazyInit=false; autowireMode=3; dependencyCheck=0; autowireCandidate=true; primary=false; factoryBeanName=restDataConfig; factoryMethodName=uriListHttpMessageConverter; initMethodName=null; destroyMethodName=(inferred); defined in class path resource [org/mygovscot/healthcheck/config/RestDataConfig.class]]
2015-03-17 14:39:34.304  INFO 55605 --- [           main] o.s.b.f.s.DefaultListableBeanFactory     : Overriding bean definition for bean &apos;repositoryExporterHandlerAdapter&apos;: replacing [Root bean: class [null]; scope=; abstract=false; lazyInit=false; autowireMode=3; dependencyCheck=0; autowireCandidate=true; primary=false; factoryBeanName=org.springframework.data.rest.webmvc.config.RepositoryRestMvcConfiguration; factoryMethodName=repositoryExporterHandlerAdapter; initMethodName=null; destroyMethodName=(inferred); defined in class path resource [org/springframework/data/rest/webmvc/config/RepositoryRestMvcConfiguration.class]] with [Root bean: class [null]; scope=; abstract=false; lazyInit=false; autowireMode=3; dependencyCheck=0; autowireCandidate=true; primary=false; factoryBeanName=restDataConfig; factoryMethodName=repositoryExporterHandlerAdapter; initMethodName=null; destroyMethodName=(inferred); defined in class path resource [org/mygovscot/healthcheck/config/RestDataConfig.class]]
2015-03-17 14:39:34.304  INFO 55605 --- [           main] o.s.b.f.s.DefaultListableBeanFactory     : Overriding bean definition for bean &apos;repositoryExporterHandlerMapping&apos;: replacing [Root bean: class [null]; scope=; abstract=false; lazyInit=false; autowireMode=3; dependencyCheck=0; autowireCandidate=true; primary=false; factoryBeanName=org.springframework.data.rest.webmvc.config.RepositoryRestMvcConfiguration; factoryMethodName=repositoryExporterHandlerMapping; initMethodName=null; destroyMethodName=(inferred); defined in class path resource [org/springframework/data/rest/webmvc/config/RepositoryRestMvcConfiguration.class]] with [Root bean: class [null]; scope=; abstract=false; lazyInit=false; autowireMode=3; dependencyCheck=0; autowireCandidate=true; primary=false; factoryBeanName=restDataConfig; factoryMethodName=repositoryExporterHandlerMapping; initMethodName=null; destroyMethodName=(inferred); defined in class path resource [org/mygovscot/healthcheck/config/RestDataConfig.class]]
2015-03-17 14:39:34.304  INFO 55605 --- [           main] o.s.b.f.s.DefaultListableBeanFactory     : Overriding bean definition for bean &apos;fallbackMapping&apos;: replacing [Root bean: class [null]; scope=; abstract=false; lazyInit=false; autowireMode=3; dependencyCheck=0; autowireCandidate=true; primary=false; factoryBeanName=org.springframework.data.rest.webmvc.config.RepositoryRestMvcConfiguration; factoryMethodName=fallbackMapping; initMethodName=null; destroyMethodName=(inferred); defined in class path resource [org/springframework/data/rest/webmvc/config/RepositoryRestMvcConfiguration.class]] with [Root bean: class [null]; scope=; abstract=false; lazyInit=false; autowireMode=3; dependencyCheck=0; autowireCandidate=true; primary=false; factoryBeanName=restDataConfig; factoryMethodName=fallbackMapping; initMethodName=null; destroyMethodName=(inferred); defined in class path resource [org/mygovscot/healthcheck/config/RestDataConfig.class]]
2015-03-17 14:39:34.304  INFO 55605 --- [           main] o.s.b.f.s.DefaultListableBeanFactory     : Overriding bean definition for bean &apos;resourceMappings&apos;: replacing [Root bean: class [null]; scope=; abstract=false; lazyInit=false; autowireMode=3; dependencyCheck=0; autowireCandidate=true; primary=false; factoryBeanName=org.springframework.data.rest.webmvc.config.RepositoryRestMvcConfiguration; factoryMethodName=resourceMappings; initMethodName=null; destroyMethodName=(inferred); defined in class path resource [org/springframework/data/rest/webmvc/config/RepositoryRestMvcConfiguration.class]] with [Root bean: class [null]; scope=; abstract=false; lazyInit=false; autowireMode=3; dependencyCheck=0; autowireCandidate=true; primary=false; factoryBeanName=restDataConfig; factoryMethodName=resourceMappings; initMethodName=null; destroyMethodName=(inferred); defined in class path resource [org/mygovscot/healthcheck/config/RestDataConfig.class]]
2015-03-17 14:39:34.305  INFO 55605 --- [           main] o.s.b.f.s.DefaultListableBeanFactory     : Overriding bean definition for bean &apos;exceptionHandlerExceptionResolver&apos;: replacing [Root bean: class [null]; scope=; abstract=false; lazyInit=false; autowireMode=3; dependencyCheck=0; autowireCandidate=true; primary=false; factoryBeanName=org.springframework.data.rest.webmvc.config.RepositoryRestMvcConfiguration; factoryMethodName=exceptionHandlerExceptionResolver; initMethodName=null; destroyMethodName=(inferred); defined in class path resource [org/springframework/data/rest/webmvc/config/RepositoryRestMvcConfiguration.class]] with [Root bean: class [null]; scope=; abstract=false; lazyInit=false; autowireMode=3; dependencyCheck=0; autowireCandidate=true; primary=false; factoryBeanName=restDataConfig; factoryMethodName=exceptionHandlerExceptionResolver; initMethodName=null; destroyMethodName=(inferred); defined in class path resource [org/mygovscot/healthcheck/config/RestDataConfig.class]]
2015-03-17 14:39:34.305  INFO 55605 --- [           main] o.s.b.f.s.DefaultListableBeanFactory     : Overriding bean definition for bean &apos;repositoryInvokerFactory&apos;: replacing [Root bean: class [null]; scope=; abstract=false; lazyInit=false; autowireMode=3; dependencyCheck=0; autowireCandidate=true; primary=false; factoryBeanName=org.springframework.data.rest.webmvc.config.RepositoryRestMvcConfiguration; factoryMethodName=repositoryInvokerFactory; initMethodName=null; destroyMethodName=(inferred); defined in class path resource [org/springframework/data/rest/webmvc/config/RepositoryRestMvcConfiguration.class]] with [Root bean: class [null]; scope=; abstract=false; lazyInit=false; autowireMode=3; dependencyCheck=0; autowireCandidate=true; primary=false; factoryBeanName=restDataConfig; factoryMethodName=repositoryInvokerFactory; initMethodName=null; destroyMethodName=(inferred); defined in class path resource [org/mygovscot/healthcheck/config/RestDataConfig.class]]
[...]
{ &apos;status&apos; : { $gt: 299 }, &apos;myGovPath&apos; : &quot;_param_0&quot;i, &apos;sort&apos; : &apos;checkedOn&apos; }
                                                   ^
	at org.springframework.beans.factory.support.ConstructorResolver.instantiateUsingFactoryMethod(ConstructorResolver.java:599)
	at org.springframework.beans.factory.support.AbstractAutowireCapableBeanFactory.instantiateUsingFactoryMethod(AbstractAutowireCapableBeanFactory.java:1111)
	at org.springframework.beans.factory.support.AbstractAutowireCapableBeanFactory.createBeanInstance(AbstractAutowireCapableBeanFactory.java:1006)
	at org.springframework.beans.factory.support.AbstractAutowireCapableBeanFactory.doCreateBean(AbstractAutowireCapableBeanFactory.java:504)
	at org.springframework.beans.factory.support.AbstractAutowireCapableBeanFactory.createBean(AbstractAutowireCapableBeanFactory.java:476)
	at org.springframework.beans.factory.support.AbstractBeanFactory$1.getObject(AbstractBeanFactory.java:303)
	at org.springframework.beans.factory.support.DefaultSingletonBeanRegistry.getSingleton(DefaultSingletonBeanRegistry.java:230)
	at org.springframework.beans.factory.support.AbstractBeanFactory.doGetBean(AbstractBeanFactory.java:299)
	at org.springframework.beans.factory.support.AbstractBeanFactory.getBean(AbstractBeanFactory.java:194)
	at org.springframework.beans.factory.support.DefaultListableBeanFactory.findAutowireCandidates(DefaultListableBeanFactory.java:1120)
	at org.springframework.beans.factory.support.DefaultListableBeanFactory.doResolveDependency(DefaultListableBeanFactory.java:996)
	at org.springframework.beans.factory.support.DefaultListableBeanFactory.resolveDependency(DefaultListableBeanFactory.java:942)
	at org.springframework.beans.factory.annotation.AutowiredAnnotationBeanPostProcessor$AutowiredFieldElement.inject(AutowiredAnnotationBeanPostProcessor.java:533)
	... 57 common frames omitted
Caused by: org.springframework.beans.BeanInstantiationException: Failed to instantiate [org.springframework.http.converter.json.MappingJackson2HttpMessageConverter]: Factory method &apos;jacksonHttpMessageConverter&apos; threw exception; nested exception is org.springframework.beans.factory.BeanCreationException: Error creating bean with name &apos;config&apos; defined in class path resource [org/mygovscot/healthcheck/config/RestDataConfig.class]: Bean instantiation via factory method failed; nested exception is org.springframework.beans.BeanInstantiationException: Failed to instantiate [org.springframework.data.rest.core.config.RepositoryRestConfiguration]: Factory method &apos;config&apos; threw exception; nested exception is org.springframework.beans.factory.BeanCreationException: Error creating bean with name &apos;repositories&apos; defined in class path resource [org/mygovscot/healthcheck/config/RestDataConfig.class]: Bean instantiation via factory method failed; nested exception is org.springframework.beans.BeanInstantiationException: Failed to instantiate [org.springframework.data.repository.support.Repositories]: Factory method &apos;repositories&apos; threw exception; nested exception is org.springframework.beans.factory.BeanCreationException: Error creating bean with name &apos;linkRepository&apos;: Invocation of init method failed; nested exception is com.mongodb.util.JSONParseException: 
{ &apos;status&apos; : { $gt: 299 }, &apos;myGovPath&apos; : &quot;_param_0&quot;i, &apos;sort&apos; : &apos;checkedOn&apos; }
                                                   ^
	at org.springframework.beans.factory.support.SimpleInstantiationStrategy.instantiate(SimpleInstantiationStrategy.java:189)
	at org.springframework.beans.factory.support.ConstructorResolver.instantiateUsingFactoryMethod(ConstructorResolver.java:588)
	... 69 common frames omitted
Caused by: org.springframework.beans.factory.BeanCreationException: Error creating bean with name &apos;config&apos; defined in class path resource [org/mygovscot/healthcheck/config/RestDataConfig.class]: Bean instantiation via factory method failed; nested exception is org.springframework.beans.BeanInstantiationException: Failed to instantiate [org.springframework.data.rest.core.config.RepositoryRestConfiguration]: Factory method &apos;config&apos; threw exception; nested exception is org.springframework.beans.factory.BeanCreationException: Error creating bean with name &apos;repositories&apos; defined in class path resource [org/mygovscot/healthcheck/config/RestDataConfig.class]: Bean instantiation via factory method failed; nested exception is org.springframework.beans.BeanInstantiationException: Failed to instantiate [org.springframework.data.repository.support.Repositories]: Factory method &apos;repositories&apos; threw exception; nested exception is org.springframework.beans.factory.BeanCreationException: Error creating bean with name &apos;linkRepository&apos;: Invocation of init method failed; nested exception is com.mongodb.util.JSONParseException: 
{ &apos;status&apos; : { $gt: 299 }, &apos;myGovPath&apos; : &quot;_param_0&quot;i, &apos;sort&apos; : &apos;checkedOn&apos; }
                                                   ^
	at org.springframework.beans.factory.support.ConstructorResolver.instantiateUsingFactoryMethod(ConstructorResolver.java:599)
	at org.springframework.beans.factory.support.AbstractAutowireCapableBeanFactory.instantiateUsingFactoryMethod(AbstractAutowireCapableBeanFactory.java:1111)
	at org.springframework.beans.factory.support.AbstractAutowireCapableBeanFactory.createBeanInstance(AbstractAutowireCapableBeanFactory.java:1006)
	at org.springframework.beans.factory.support.AbstractAutowireCapableBeanFactory.doCreateBean(AbstractAutowireCapableBeanFactory.java:504)
	at org.springframework.beans.factory.support.AbstractAutowireCapableBeanFactory.createBean(AbstractAutowireCapableBeanFactory.java:476)
	at org.springframework.beans.factory.support.AbstractBeanFactory$1.getObject(AbstractBeanFactory.java:303)
	at org.springframework.beans.factory.support.DefaultSingletonBeanRegistry.getSingleton(DefaultSingletonBeanRegistry.java:230)
	at org.springframework.beans.factory.support.AbstractBeanFactory.doGetBean(AbstractBeanFactory.java:299)
	at org.springframework.beans.factory.support.AbstractBeanFactory.getBean(AbstractBeanFactory.java:194)
	at org.springframework.context.annotation.ConfigurationClassEnhancer$BeanMethodInterceptor.intercept(ConfigurationClassEnhancer.java:323)
	at org.mygovscot.healthcheck.config.RestDataConfig$$EnhancerBySpringCGLIB$$bd35d4c6.config(&lt;generated&gt;)
	at org.springframework.data.rest.webmvc.config.RepositoryRestMvcConfiguration.jacksonHttpMessageConverter(RepositoryRestMvcConfiguration.java:390)
	at org.mygovscot.healthcheck.config.RestDataConfig$$EnhancerBySpringCGLIB$$bd35d4c6.CGLIB$jacksonHttpMessageConverter$20(&lt;generated&gt;)
	at org.mygovscot.healthcheck.config.RestDataConfig$$EnhancerBySpringCGLIB$$bd35d4c6$$FastClassBySpringCGLIB$$3c411d17.invoke(&lt;generated&gt;)
	at org.springframework.cglib.proxy.MethodProxy.invokeSuper(MethodProxy.java:228)
	at org.springframework.context.annotation.ConfigurationClassEnhancer$BeanMethodInterceptor.intercept(ConfigurationClassEnhancer.java:311)
	at org.mygovscot.healthcheck.config.RestDataConfig$$EnhancerBySpringCGLIB$$bd35d4c6.jacksonHttpMessageConverter(&lt;generated&gt;)
	at sun.reflect.NativeMethodAccessorImpl.invoke0(Native Method)
	at sun.reflect.NativeMethodAccessorImpl.invoke(NativeMethodAccessorImpl.java:57)
	at sun.reflect.DelegatingMethodAccessorImpl.invoke(DelegatingMethodAccessorImpl.java:43)
	at java.lang.reflect.Method.invoke(Method.java:606)
	at org.springframework.beans.factory.support.SimpleInstantiationStrategy.instantiate(SimpleInstantiationStrategy.java:162)
	... 70 common frames omitted
Caused by: org.springframework.beans.BeanInstantiationException: Failed to instantiate [org.springframework.data.rest.core.config.RepositoryRestConfiguration]: Factory method &apos;config&apos; threw exception; nested exception is org.springframework.beans.factory.BeanCreationException: Error creating bean with name &apos;repositories&apos; defined in class path resource [org/mygovscot/healthcheck/config/RestDataConfig.class]: Bean instantiation via factory method failed; nested exception is org.springframework.beans.BeanInstantiationException: Failed to instantiate [org.springframework.data.repository.support.Repositories]: Factory method &apos;repositories&apos; threw exception; nested exception is org.springframework.beans.factory.BeanCreationException: Error creating bean with name &apos;linkRepository&apos;: Invocation of init method failed; nested exception is com.mongodb.util.JSONParseException: 
{ &apos;status&apos; : { $gt: 299 }, &apos;myGovPath&apos; : &quot;_param_0&quot;i, &apos;sort&apos; : &apos;checkedOn&apos; }
                                                   ^
	at org.springframework.beans.factory.support.SimpleInstantiationStrategy.instantiate(SimpleInstantiationStrategy.java:189)
	at org.springframework.beans.factory.support.ConstructorResolver.instantiateUsingFactoryMethod(ConstructorResolver.java:588)
	... 91 common frames omitted
Caused by: org.springframework.beans.factory.BeanCreationException: Error creating bean with name &apos;repositories&apos; defined in class path resource [org/mygovscot/healthcheck/config/RestDataConfig.class]: Bean instantiation via factory method failed; nested exception is org.springframework.beans.BeanInstantiationException: Failed to instantiate [org.springframework.data.repository.support.Repositories]: Factory method &apos;repositories&apos; threw exception; nested exception is org.springframework.beans.factory.BeanCreationException: Error creating bean with name &apos;linkRepository&apos;: Invocation of init method failed; nested exception is com.mongodb.util.JSONParseException: 
{ &apos;status&apos; : { $gt: 299 }, &apos;myGovPath&apos; : &quot;_param_0&quot;i, &apos;sort&apos; : &apos;checkedOn&apos; }
                                                   ^
	at org.springframework.beans.factory.support.ConstructorResolver.instantiateUsingFactoryMethod(ConstructorResolver.java:599)
	at org.springframework.beans.factory.support.AbstractAutowireCapableBeanFactory.instantiateUsingFactoryMethod(AbstractAutowireCapableBeanFactory.java:1111)
	at org.springframework.beans.factory.support.AbstractAutowireCapableBeanFactory.createBeanInstance(AbstractAutowireCapableBeanFactory.java:1006)
	at org.springframework.beans.factory.support.AbstractAutowireCapableBeanFactory.doCreateBean(AbstractAutowireCapableBeanFactory.java:504)
	at org.springframework.beans.factory.support.AbstractAutowireCapableBeanFactory.createBean(AbstractAutowireCapableBeanFactory.java:476)
	at org.springframework.beans.factory.support.AbstractBeanFactory$1.getObject(AbstractBeanFactory.java:303)
	at org.springframework.beans.factory.support.DefaultSingletonBeanRegistry.getSingleton(DefaultSingletonBeanRegistry.java:230)
	at org.springframework.beans.factory.support.AbstractBeanFactory.doGetBean(AbstractBeanFactory.java:299)
	at org.springframework.beans.factory.support.AbstractBeanFactory.getBean(AbstractBeanFactory.java:194)
	at org.springframework.context.annotation.ConfigurationClassEnhancer$BeanMethodInterceptor.intercept(ConfigurationClassEnhancer.java:323)
	at org.mygovscot.healthcheck.config.RestDataConfig$$EnhancerBySpringCGLIB$$bd35d4c6.repositories(&lt;generated&gt;)
	at org.springframework.data.rest.webmvc.config.RepositoryRestMvcConfiguration.config(RepositoryRestMvcConfiguration.java:227)
	at org.mygovscot.healthcheck.config.RestDataConfig$$EnhancerBySpringCGLIB$$bd35d4c6.CGLIB$config$45(&lt;generated&gt;)
	at org.mygovscot.healthcheck.config.RestDataConfig$$EnhancerBySpringCGLIB$$bd35d4c6$$FastClassBySpringCGLIB$$3c411d17.invoke(&lt;generated&gt;)
	at org.springframework.cglib.proxy.MethodProxy.invokeSuper(MethodProxy.java:228)
	at org.springframework.context.annotation.ConfigurationClassEnhancer$BeanMethodInterceptor.intercept(ConfigurationClassEnhancer.java:311)
	at org.mygovscot.healthcheck.config.RestDataConfig$$EnhancerBySpringCGLIB$$bd35d4c6.config(&lt;generated&gt;)
	at sun.reflect.NativeMethodAccessorImpl.invoke0(Native Method)
	at sun.reflect.NativeMethodAccessorImpl.invoke(NativeMethodAccessorImpl.java:57)
	at sun.reflect.DelegatingMethodAccessorImpl.invoke(DelegatingMethodAccessorImpl.java:43)
	at java.lang.reflect.Method.invoke(Method.java:606)
	at org.springframework.beans.factory.support.SimpleInstantiationStrategy.instantiate(SimpleInstantiationStrategy.java:162)
	... 92 common frames omitted
Caused by: org.springframework.beans.BeanInstantiationException: Failed to instantiate [org.springframework.data.repository.support.Repositories]: Factory method &apos;repositories&apos; threw exception; nested exception is org.springframework.beans.factory.BeanCreationException: Error creating bean with name &apos;linkRepository&apos;: Invocation of init method failed; nested exception is com.mongodb.util.JSONParseException: 
{ &apos;status&apos; : { $gt: 299 }, &apos;myGovPath&apos; : &quot;_param_0&quot;i, &apos;sort&apos; : &apos;checkedOn&apos; }
                                                   ^
	at org.springframework.beans.factory.support.SimpleInstantiationStrategy.instantiate(SimpleInstantiationStrategy.java:189)
	at org.springframework.beans.factory.support.ConstructorResolver.instantiateUsingFactoryMethod(ConstructorResolver.java:588)
	... 113 common frames omitted
Caused by: org.springframework.beans.factory.BeanCreationException: Error creating bean with name &apos;linkRepository&apos;: Invocation of init method failed; nested exception is com.mongodb.util.JSONParseException: 
{ &apos;status&apos; : { $gt: 299 }, &apos;myGovPath&apos; : &quot;_param_0&quot;i, &apos;sort&apos; : &apos;checkedOn&apos; }
                                                   ^
	at org.springframework.beans.factory.support.AbstractAutowireCapableBeanFactory.initializeBean(AbstractAutowireCapableBeanFactory.java:1566)
	at org.springframework.beans.factory.support.AbstractAutowireCapableBeanFactory.doCreateBean(AbstractAutowireCapableBeanFactory.java:539)
	at org.springframework.beans.factory.support.AbstractAutowireCapableBeanFactory.createBean(AbstractAutowireCapableBeanFactory.java:476)
	at org.springframework.beans.factory.support.AbstractBeanFactory$1.getObject(AbstractBeanFactory.java:303)
	at org.springframework.beans.factory.support.DefaultSingletonBeanRegistry.getSingleton(DefaultSingletonBeanRegistry.java:230)
	at org.springframework.beans.factory.support.AbstractBeanFactory.doGetBean(AbstractBeanFactory.java:299)
	at org.springframework.beans.factory.support.AbstractBeanFactory.getBean(AbstractBeanFactory.java:199)
	at org.springframework.data.repository.support.Repositories.populateRepositoryFactoryInformation(Repositories.java:93)
	at org.springframework.data.repository.support.Repositories.&lt;init&gt;(Repositories.java:84)
	at org.springframework.data.rest.webmvc.config.RepositoryRestMvcConfiguration.repositories(RepositoryRestMvcConfiguration.java:158)
	at org.mygovscot.healthcheck.config.RestDataConfig$$EnhancerBySpringCGLIB$$bd35d4c6.CGLIB$repositories$1(&lt;generated&gt;)
	at org.mygovscot.healthcheck.config.RestDataConfig$$EnhancerBySpringCGLIB$$bd35d4c6$$FastClassBySpringCGLIB$$3c411d17.invoke(&lt;generated&gt;)
	at org.springframework.cglib.proxy.MethodProxy.invokeSuper(MethodProxy.java:228)
	at org.springframework.context.annotation.ConfigurationClassEnhancer$BeanMethodInterceptor.intercept(ConfigurationClassEnhancer.java:311)
	at org.mygovscot.healthcheck.config.RestDataConfig$$EnhancerBySpringCGLIB$$bd35d4c6.repositories(&lt;generated&gt;)
	at sun.reflect.NativeMethodAccessorImpl.invoke0(Native Method)
	at sun.reflect.NativeMethodAccessorImpl.invoke(NativeMethodAccessorImpl.java:57)
	at sun.reflect.DelegatingMethodAccessorImpl.invoke(DelegatingMethodAccessorImpl.java:43)
	at java.lang.reflect.Method.invoke(Method.java:606)
	at org.springframework.beans.factory.support.SimpleInstantiationStrategy.instantiate(SimpleInstantiationStrategy.java:162)
	... 114 common frames omitted
Caused by: com.mongodb.util.JSONParseException: 
{ &apos;status&apos; : { $gt: 299 }, &apos;myGovPath&apos; : &quot;_param_0&quot;i, &apos;sort&apos; : &apos;checkedOn&apos; }
                                                   ^
	at com.mongodb.util.JSONParser.read(JSON.java:290)
	at com.mongodb.util.JSONParser.parseObject(JSON.java:259)
	at com.mongodb.util.JSONParser.parse(JSON.java:213)
	at com.mongodb.util.JSONParser.parse(JSON.java:163)
	at com.mongodb.util.JSON.parse(JSON.java:99)
	at com.mongodb.util.JSON.parse(JSON.java:79)
	at org.springframework.data.mongodb.repository.query.StringBasedMongoQuery$ParameterBindingParser.parseParameterBindingsFrom(StringBasedMongoQuery.java:216)
	at org.springframework.data.mongodb.repository.query.StringBasedMongoQuery.&lt;init&gt;(StringBasedMongoQuery.java:77)
	at org.springframework.data.mongodb.repository.query.StringBasedMongoQuery.&lt;init&gt;(StringBasedMongoQuery.java:62)
	at org.springframework.data.mongodb.repository.support.MongoRepositoryFactory$MongoQueryLookupStrategy.resolveQuery(MongoRepositoryFactory.java:126)
	at org.springframework.data.repository.core.support.RepositoryFactorySupport$QueryExecutorMethodInterceptor.&lt;init&gt;(RepositoryFactorySupport.java:349)
	at org.springframework.data.repository.core.support.RepositoryFactorySupport.getRepository(RepositoryFactorySupport.java:187)
	at org.springframework.data.repository.core.support.RepositoryFactoryBeanSupport.initAndReturn(RepositoryFactoryBeanSupport.java:239)
	at org.springframework.data.repository.core.support.RepositoryFactoryBeanSupport.afterPropertiesSet(RepositoryFactoryBeanSupport.java:225)
	at org.springframework.data.mongodb.repository.support.MongoRepositoryFactoryBean.afterPropertiesSet(MongoRepositoryFactoryBean.java:108)
	at org.springframework.beans.factory.support.AbstractAutowireCapableBeanFactory.invokeInitMethods(AbstractAutowireCapableBeanFactory.java:1625)
	at org.springframework.beans.factory.support.AbstractAutowireCapableBeanFactory.initializeBean(AbstractAutowireCapableBeanFactory.java:1562)
	... 133 common frames omitted

</system-out>
  </testcase>
</testsuite>